<testsuite errors="3" failures="1" tests="0" skipped="0" name="org.apache.solr.cloud.RecoveryZkTest" hostname="nohost.nodomain" time="79.424" timestamp="2025-08-16T22:11:56">
   <properties class="java.util.ArrayList">
      <property name="awt.toolkit" value="sun.lwawt.macosx.LWCToolkit"/>
      <property name="clover.db.dir" value="/Users/lizhenyu/Desktop/AutoPilotEval/solr-8.11.4/lucene/build/clover/db"/>
      <property name="common.dir" value="/Users/lizhenyu/Desktop/AutoPilotEval/solr-8.11.4/lucene"/>
      <property name="file.encoding" value="US-ASCII"/>
      <property name="file.encoding.pkg" value="sun.io"/>
      <property name="file.separator" value="/"/>
      <property name="ftp.nonProxyHosts" value="local|*.local|169.254/16|*.169.254/16"/>
      <property name="gopherProxySet" value="false"/>
      <property name="http.nonProxyHosts" value="local|*.local|169.254/16|*.169.254/16"/>
      <property name="java.awt.graphicsenv" value="sun.awt.CGraphicsEnvironment"/>
      <property name="java.awt.headless" value="true"/>
      <property name="java.awt.printerjob" value="sun.lwawt.macosx.CPrinterJob"/>
      <property name="java.class.path" value="/Users/lizhenyu/Desktop/AutoPilotEval/solr-8.11.4/solr/build/solr-core/classes/test:/Users/lizhenyu/Desktop/AutoPilotEval/solr-8.11.4/solr/build/solr-test-framework/classes/java:/Users/lizhenyu/Desktop/AutoPilotEval/solr-8.11.4/solr/test-framework/lib/hamcrest-core-1.3.jar:/Users/lizhenyu/Desktop/AutoPilotEval/solr-8.11.4/solr/test-framework/lib/junit4-ant-2.8.1.jar:/Users/lizhenyu/Desktop/AutoPilotEval/solr-8.11.4/solr/test-framework/lib/opentracing-mock-0.33.0.jar:/Users/lizhenyu/Desktop/AutoPilotEval/solr-8.11.4/solr/core/src/test-files:/Users/lizhenyu/Desktop/AutoPilotEval/solr-8.11.4/lucene/build/test-framework/classes/java:/Users/lizhenyu/Desktop/AutoPilotEval/solr-8.11.4/lucene/build/codecs/classes/java:/Users/lizhenyu/Desktop/AutoPilotEval/solr-8.11.4/solr/build/solr-solrj/classes/java:/Users/lizhenyu/Desktop/AutoPilotEval/solr-8.11.4/solr/build/solr-core/classes/java:/Users/lizhenyu/Desktop/AutoPilotEval/solr-8.11.4/lucene/build/analysis/common/lucene-analyzers-common-8.11.4-SNAPSHOT.jar:/Users/lizhenyu/Desktop/AutoPilotEval/solr-8.11.4/lucene/build/analysis/kuromoji/lucene-analyzers-kuromoji-8.11.4-SNAPSHOT.jar:/Users/lizhenyu/Desktop/AutoPilotEval/solr-8.11.4/lucene/build/analysis/nori/lucene-analyzers-nori-8.11.4-SNAPSHOT.jar:/Users/lizhenyu/Desktop/AutoPilotEval/solr-8.11.4/lucene/build/analysis/phonetic/lucene-analyzers-phonetic-8.11.4-SNAPSHOT.jar:/Users/lizhenyu/Desktop/AutoPilotEval/solr-8.11.4/lucene/build/codecs/lucene-codecs-8.11.4-SNAPSHOT.jar:/Users/lizhenyu/Desktop/AutoPilotEval/solr-8.11.4/lucene/build/backward-codecs/lucene-backward-codecs-8.11.4-SNAPSHOT.jar:/Users/lizhenyu/Desktop/AutoPilotEval/solr-8.11.4/lucene/build/highlighter/lucene-highlighter-8.11.4-SNAPSHOT.jar:/Users/lizhenyu/Desktop/AutoPilotEval/solr-8.11.4/lucene/build/memory/lucene-memory-8.11.4-SNAPSHOT.jar:/Users/lizhenyu/Desktop/AutoPilotEval/solr-8.11.4/lucene/build/misc/lucene-misc-8.11.4-SNAPSHOT.jar:/Users/lizhenyu/Desktop/AutoPilotEval/solr-8.11.4/lucene/build/spatial-extras/lucene-spatial-extras-8.11.4-SNAPSHOT.jar:/Users/lizhenyu/Desktop/AutoPilotEval/solr-8.11.4/lucene/build/spatial3d/lucene-spatial3d-8.11.4-SNAPSHOT.jar:/Users/lizhenyu/Desktop/AutoPilotEval/solr-8.11.4/lucene/build/expressions/lucene-expressions-8.11.4-SNAPSHOT.jar:/Users/lizhenyu/Desktop/AutoPilotEval/solr-8.11.4/lucene/build/suggest/lucene-suggest-8.11.4-SNAPSHOT.jar:/Users/lizhenyu/Desktop/AutoPilotEval/solr-8.11.4/lucene/build/grouping/lucene-grouping-8.11.4-SNAPSHOT.jar:/Users/lizhenyu/Desktop/AutoPilotEval/solr-8.11.4/lucene/build/queries/lucene-queries-8.11.4-SNAPSHOT.jar:/Users/lizhenyu/Desktop/AutoPilotEval/solr-8.11.4/lucene/build/queryparser/lucene-queryparser-8.11.4-SNAPSHOT.jar:/Users/lizhenyu/Desktop/AutoPilotEval/solr-8.11.4/lucene/build/join/lucene-join-8.11.4-SNAPSHOT.jar:/Users/lizhenyu/Desktop/AutoPilotEval/solr-8.11.4/lucene/build/sandbox/lucene-sandbox-8.11.4-SNAPSHOT.jar:/Users/lizhenyu/Desktop/AutoPilotEval/solr-8.11.4/lucene/build/classification/lucene-classification-8.11.4-SNAPSHOT.jar:/Users/lizhenyu/Desktop/AutoPilotEval/solr-8.11.4/solr/core/lib/antlr4-runtime-4.5.1-1.jar:/Users/lizhenyu/Desktop/AutoPilotEval/solr-8.11.4/solr/core/lib/apiguardian-api-1.1.2.jar:/Users/lizhenyu/Desktop/AutoPilotEval/solr-8.11.4/solr/core/lib/asm-9.3.jar:/Users/lizhenyu/Desktop/AutoPilotEval/solr-8.11.4/solr/core/lib/asm-commons-9.3.jar:/Users/lizhenyu/Desktop/AutoPilotEval/solr-8.11.4/solr/core/lib/avatica-core-1.23.0.jar:/Users/lizhenyu/Desktop/AutoPilotEval/solr-8.11.4/solr/core/lib/avatica-metrics-1.23.0.jar:/Users/lizhenyu/Desktop/AutoPilotEval/solr-8.11.4/solr/core/lib/caffeine-2.9.3.jar:/Users/lizhenyu/Desktop/AutoPilotEval/solr-8.11.4/solr/core/lib/calcite-core-1.35.0.jar:/Users/lizhenyu/Desktop/AutoPilotEval/solr-8.11.4/solr/core/lib/calcite-linq4j-1.35.0.jar:/Users/lizhenyu/Desktop/AutoPilotEval/solr-8.11.4/solr/core/lib/checker-qual-3.23.0.jar:/Users/lizhenyu/Desktop/AutoPilotEval/solr-8.11.4/solr/core/lib/cloning-1.9.9.jar:/Users/lizhenyu/Desktop/AutoPilotEval/solr-8.11.4/solr/core/lib/commons-cli-1.4.jar:/Users/lizhenyu/Desktop/AutoPilotEval/solr-8.11.4/solr/core/lib/commons-codec-1.15.jar:/Users/lizhenyu/Desktop/AutoPilotEval/solr-8.11.4/solr/core/lib/commons-collections-3.2.2.jar:/Users/lizhenyu/Desktop/AutoPilotEval/solr-8.11.4/solr/core/lib/commons-collections4-4.4.jar:/Users/lizhenyu/Desktop/AutoPilotEval/solr-8.11.4/solr/core/lib/commons-compiler-3.1.8.jar:/Users/lizhenyu/Desktop/AutoPilotEval/solr-8.11.4/solr/core/lib/commons-configuration2-2.8.0.jar:/Users/lizhenyu/Desktop/AutoPilotEval/solr-8.11.4/solr/core/lib/commons-exec-1.3.jar:/Users/lizhenyu/Desktop/AutoPilotEval/solr-8.11.4/solr/core/lib/commons-io-2.11.0.jar:/Users/lizhenyu/Desktop/AutoPilotEval/solr-8.11.4/solr/core/lib/commons-lang3-3.10.jar:/Users/lizhenyu/Desktop/AutoPilotEval/solr-8.11.4/solr/core/lib/commons-math3-3.6.1.jar:/Users/lizhenyu/Desktop/AutoPilotEval/solr-8.11.4/solr/core/lib/commons-text-1.10.0.jar:/Users/lizhenyu/Desktop/AutoPilotEval/solr-8.11.4/solr/core/lib/curator-client-2.13.0.jar:/Users/lizhenyu/Desktop/AutoPilotEval/solr-8.11.4/solr/core/lib/curator-framework-2.13.0.jar:/Users/lizhenyu/Desktop/AutoPilotEval/solr-8.11.4/solr/core/lib/curator-recipes-2.13.0.jar:/Users/lizhenyu/Desktop/AutoPilotEval/solr-8.11.4/solr/core/lib/disruptor-3.4.2.jar:/Users/lizhenyu/Desktop/AutoPilotEval/solr-8.11.4/solr/core/lib/eigenbase-properties-1.1.5.jar:/Users/lizhenyu/Desktop/AutoPilotEval/solr-8.11.4/solr/core/lib/failureaccess-1.0.1.jar:/Users/lizhenyu/Desktop/AutoPilotEval/solr-8.11.4/solr/core/lib/guava-32.1.3-jre.jar:/Users/lizhenyu/Desktop/AutoPilotEval/solr-8.11.4/solr/core/lib/hadoop-annotations-3.2.4.jar:/Users/lizhenyu/Desktop/AutoPilotEval/solr-8.11.4/solr/core/lib/hadoop-auth-3.2.4.jar:/Users/lizhenyu/Desktop/AutoPilotEval/solr-8.11.4/solr/core/lib/hadoop-common-3.2.4.jar:/Users/lizhenyu/Desktop/AutoPilotEval/solr-8.11.4/solr/core/lib/hadoop-hdfs-client-3.2.4.jar:/Users/lizhenyu/Desktop/AutoPilotEval/solr-8.11.4/solr/core/lib/hppc-0.8.1.jar:/Users/lizhenyu/Desktop/AutoPilotEval/solr-8.11.4/solr/core/lib/htrace-core4-4.1.0-incubating.jar:/Users/lizhenyu/Desktop/AutoPilotEval/solr-8.11.4/solr/core/lib/httpclient5-5.1.3.jar:/Users/lizhenyu/Desktop/AutoPilotEval/solr-8.11.4/solr/core/lib/httpcore5-5.1.3.jar:/Users/lizhenyu/Desktop/AutoPilotEval/solr-8.11.4/solr/core/lib/httpcore5-h2-5.1.3.jar:/Users/lizhenyu/Desktop/AutoPilotEval/solr-8.11.4/solr/core/lib/j2objc-annotations-1.3.jar:/Users/lizhenyu/Desktop/AutoPilotEval/solr-8.11.4/solr/core/lib/jackson-annotations-2.15.2.jar:/Users/lizhenyu/Desktop/AutoPilotEval/solr-8.11.4/solr/core/lib/jackson-core-2.15.2.jar:/Users/lizhenyu/Desktop/AutoPilotEval/solr-8.11.4/solr/core/lib/jackson-databind-2.15.2.jar:/Users/lizhenyu/Desktop/AutoPilotEval/solr-8.11.4/solr/core/lib/jackson-dataformat-smile-2.15.2.jar:/Users/lizhenyu/Desktop/AutoPilotEval/solr-8.11.4/solr/core/lib/janino-3.1.8.jar:/Users/lizhenyu/Desktop/AutoPilotEval/solr-8.11.4/solr/core/lib/java-semver-0.9.0.jar:/Users/lizhenyu/Desktop/AutoPilotEval/solr-8.11.4/solr/core/lib/jcl-over-slf4j-1.7.36.jar:/Users/lizhenyu/Desktop/AutoPilotEval/solr-8.11.4/solr/core/lib/jose4j-0.6.5.jar:/Users/lizhenyu/Desktop/AutoPilotEval/solr-8.11.4/solr/core/lib/json-path-2.7.0.jar:/Users/lizhenyu/Desktop/AutoPilotEval/solr-8.11.4/solr/core/lib/jts-core-1.19.0.jar:/Users/lizhenyu/Desktop/AutoPilotEval/solr-8.11.4/solr/core/lib/jts-io-common-1.19.0.jar:/Users/lizhenyu/Desktop/AutoPilotEval/solr-8.11.4/solr/core/lib/kerb-core-1.0.1.jar:/Users/lizhenyu/Desktop/AutoPilotEval/solr-8.11.4/solr/core/lib/kerb-util-1.0.1.jar:/Users/lizhenyu/Desktop/AutoPilotEval/solr-8.11.4/solr/core/lib/kerby-asn1-1.0.1.jar:/Users/lizhenyu/Desktop/AutoPilotEval/solr-8.11.4/solr/core/lib/kerby-pkix-1.0.1.jar:/Users/lizhenyu/Desktop/AutoPilotEval/solr-8.11.4/solr/core/lib/listenablefuture-9999.0-empty-to-avoid-conflict-with-guava.jar:/Users/lizhenyu/Desktop/AutoPilotEval/solr-8.11.4/solr/core/lib/log4j-1.2-api-2.17.2.jar:/Users/lizhenyu/Desktop/AutoPilotEval/solr-8.11.4/solr/core/lib/log4j-api-2.17.2.jar:/Users/lizhenyu/Desktop/AutoPilotEval/solr-8.11.4/solr/core/lib/log4j-core-2.17.2.jar:/Users/lizhenyu/Desktop/AutoPilotEval/solr-8.11.4/solr/core/lib/log4j-slf4j-impl-2.17.2.jar:/Users/lizhenyu/Desktop/AutoPilotEval/solr-8.11.4/solr/core/lib/opentelemetry-api-1.44.1.jar:/Users/lizhenyu/Desktop/AutoPilotEval/solr-8.11.4/solr/core/lib/opentracing-api-0.33.0.jar:/Users/lizhenyu/Desktop/AutoPilotEval/solr-8.11.4/solr/core/lib/opentracing-noop-0.33.0.jar:/Users/lizhenyu/Desktop/AutoPilotEval/solr-8.11.4/solr/core/lib/opentracing-util-0.33.0.jar:/Users/lizhenyu/Desktop/AutoPilotEval/solr-8.11.4/solr/core/lib/pilot-util-1.0.jar:/Users/lizhenyu/Desktop/AutoPilotEval/solr-8.11.4/solr/core/lib/proj4j-1.1.5.jar:/Users/lizhenyu/Desktop/AutoPilotEval/solr-8.11.4/solr/core/lib/protobuf-java-3.15.0.jar:/Users/lizhenyu/Desktop/AutoPilotEval/solr-8.11.4/solr/core/lib/re2j-1.2.jar:/Users/lizhenyu/Desktop/AutoPilotEval/solr-8.11.4/solr/core/lib/rrd4j-3.5.jar:/Users/lizhenyu/Desktop/AutoPilotEval/solr-8.11.4/solr/core/lib/s2-geometry-library-java-1.0.0.jar:/Users/lizhenyu/Desktop/AutoPilotEval/solr-8.11.4/solr/core/lib/simplemagic-1.17.jar:/Users/lizhenyu/Desktop/AutoPilotEval/solr-8.11.4/solr/core/lib/spatial4j-0.7.jar:/Users/lizhenyu/Desktop/AutoPilotEval/solr-8.11.4/solr/core/lib/t-digest-3.1.jar:/Users/lizhenyu/Desktop/AutoPilotEval/solr-8.11.4/solr/core/lib/value-annotations-2.9.2.jar:/Users/lizhenyu/Desktop/AutoPilotEval/solr-8.11.4/solr/solrj/lib/cloning-1.9.9.jar:/Users/lizhenyu/Desktop/AutoPilotEval/solr-8.11.4/solr/solrj/lib/commons-io-2.11.0.jar:/Users/lizhenyu/Desktop/AutoPilotEval/solr-8.11.4/solr/solrj/lib/commons-lang-2.6.jar:/Users/lizhenyu/Desktop/AutoPilotEval/solr-8.11.4/solr/solrj/lib/commons-math3-3.6.1.jar:/Users/lizhenyu/Desktop/AutoPilotEval/solr-8.11.4/solr/solrj/lib/http2-client-9.4.53.v20231009.jar:/Users/lizhenyu/Desktop/AutoPilotEval/solr-8.11.4/solr/solrj/lib/http2-common-9.4.53.v20231009.jar:/Users/lizhenyu/Desktop/AutoPilotEval/solr-8.11.4/solr/solrj/lib/http2-hpack-9.4.53.v20231009.jar:/Users/lizhenyu/Desktop/AutoPilotEval/solr-8.11.4/solr/solrj/lib/http2-http-client-transport-9.4.53.v20231009.jar:/Users/lizhenyu/Desktop/AutoPilotEval/solr-8.11.4/solr/solrj/lib/httpclient-4.5.13.jar:/Users/lizhenyu/Desktop/AutoPilotEval/solr-8.11.4/solr/solrj/lib/httpcore-4.4.14.jar:/Users/lizhenyu/Desktop/AutoPilotEval/solr-8.11.4/solr/solrj/lib/httpmime-4.5.13.jar:/Users/lizhenyu/Desktop/AutoPilotEval/solr-8.11.4/solr/solrj/lib/jcl-over-slf4j-1.7.36.jar:/Users/lizhenyu/Desktop/AutoPilotEval/solr-8.11.4/solr/solrj/lib/jetty-alpn-client-9.4.53.v20231009.jar:/Users/lizhenyu/Desktop/AutoPilotEval/solr-8.11.4/solr/solrj/lib/jetty-alpn-java-client-9.4.53.v20231009.jar:/Users/lizhenyu/Desktop/AutoPilotEval/solr-8.11.4/solr/solrj/lib/jetty-client-9.4.53.v20231009.jar:/Users/lizhenyu/Desktop/AutoPilotEval/solr-8.11.4/solr/solrj/lib/jetty-http-9.4.53.v20231009.jar:/Users/lizhenyu/Desktop/AutoPilotEval/solr-8.11.4/solr/solrj/lib/jetty-io-9.4.53.v20231009.jar:/Users/lizhenyu/Desktop/AutoPilotEval/solr-8.11.4/solr/solrj/lib/jetty-util-9.4.53.v20231009.jar:/Users/lizhenyu/Desktop/AutoPilotEval/solr-8.11.4/solr/solrj/lib/netty-buffer-4.1.99.Final.jar:/Users/lizhenyu/Desktop/AutoPilotEval/solr-8.11.4/solr/solrj/lib/netty-codec-4.1.99.Final.jar:/Users/lizhenyu/Desktop/AutoPilotEval/solr-8.11.4/solr/solrj/lib/netty-common-4.1.99.Final.jar:/Users/lizhenyu/Desktop/AutoPilotEval/solr-8.11.4/solr/solrj/lib/netty-handler-4.1.99.Final.jar:/Users/lizhenyu/Desktop/AutoPilotEval/solr-8.11.4/solr/solrj/lib/netty-resolver-4.1.99.Final.jar:/Users/lizhenyu/Desktop/AutoPilotEval/solr-8.11.4/solr/solrj/lib/netty-transport-4.1.99.Final.jar:/Users/lizhenyu/Desktop/AutoPilotEval/solr-8.11.4/solr/solrj/lib/netty-transport-classes-epoll-4.1.99.Final.jar:/Users/lizhenyu/Desktop/AutoPilotEval/solr-8.11.4/solr/solrj/lib/netty-transport-native-epoll-4.1.99.Final.jar:/Users/lizhenyu/Desktop/AutoPilotEval/solr-8.11.4/solr/solrj/lib/netty-transport-native-unix-common-4.1.99.Final.jar:/Users/lizhenyu/Desktop/AutoPilotEval/solr-8.11.4/solr/solrj/lib/opentelemetry-api-1.44.1.jar:/Users/lizhenyu/Desktop/AutoPilotEval/solr-8.11.4/solr/solrj/lib/opentelemetry-context-1.44.1.jar:/Users/lizhenyu/Desktop/AutoPilotEval/solr-8.11.4/solr/solrj/lib/pilot-util-1.0.jar:/Users/lizhenyu/Desktop/AutoPilotEval/solr-8.11.4/solr/solrj/lib/slf4j-api-1.7.36.jar:/Users/lizhenyu/Desktop/AutoPilotEval/solr-8.11.4/solr/solrj/lib/snappy-java-1.1.10.1.jar:/Users/lizhenyu/Desktop/AutoPilotEval/solr-8.11.4/solr/solrj/lib/stax2-api-4.2.1.jar:/Users/lizhenyu/Desktop/AutoPilotEval/solr-8.11.4/solr/solrj/lib/woodstox-core-6.5.1.jar:/Users/lizhenyu/Desktop/AutoPilotEval/solr-8.11.4/solr/solrj/lib/zookeeper-3.6.2.jar:/Users/lizhenyu/Desktop/AutoPilotEval/solr-8.11.4/solr/solrj/lib/zookeeper-jute-3.6.2.jar:/Users/lizhenyu/Desktop/AutoPilotEval/solr-8.11.4/solr/server/lib/http2-common-9.4.53.v20231009.jar:/Users/lizhenyu/Desktop/AutoPilotEval/solr-8.11.4/solr/server/lib/http2-hpack-9.4.53.v20231009.jar:/Users/lizhenyu/Desktop/AutoPilotEval/solr-8.11.4/solr/server/lib/http2-server-9.4.53.v20231009.jar:/Users/lizhenyu/Desktop/AutoPilotEval/solr-8.11.4/solr/server/lib/javax.servlet-api-3.1.0.jar:/Users/lizhenyu/Desktop/AutoPilotEval/solr-8.11.4/solr/server/lib/jetty-alpn-java-server-9.4.53.v20231009.jar:/Users/lizhenyu/Desktop/AutoPilotEval/solr-8.11.4/solr/server/lib/jetty-alpn-server-9.4.53.v20231009.jar:/Users/lizhenyu/Desktop/AutoPilotEval/solr-8.11.4/solr/server/lib/jetty-continuation-9.4.53.v20231009.jar:/Users/lizhenyu/Desktop/AutoPilotEval/solr-8.11.4/solr/server/lib/jetty-deploy-9.4.53.v20231009.jar:/Users/lizhenyu/Desktop/AutoPilotEval/solr-8.11.4/solr/server/lib/jetty-http-9.4.53.v20231009.jar:/Users/lizhenyu/Desktop/AutoPilotEval/solr-8.11.4/solr/server/lib/jetty-io-9.4.53.v20231009.jar:/Users/lizhenyu/Desktop/AutoPilotEval/solr-8.11.4/solr/server/lib/jetty-jmx-9.4.53.v20231009.jar:/Users/lizhenyu/Desktop/AutoPilotEval/solr-8.11.4/solr/server/lib/jetty-rewrite-9.4.53.v20231009.jar:/Users/lizhenyu/Desktop/AutoPilotEval/solr-8.11.4/solr/server/lib/jetty-security-9.4.53.v20231009.jar:/Users/lizhenyu/Desktop/AutoPilotEval/solr-8.11.4/solr/server/lib/jetty-server-9.4.53.v20231009.jar:/Users/lizhenyu/Desktop/AutoPilotEval/solr-8.11.4/solr/server/lib/jetty-servlet-9.4.53.v20231009.jar:/Users/lizhenyu/Desktop/AutoPilotEval/solr-8.11.4/solr/server/lib/jetty-servlets-9.4.53.v20231009.jar:/Users/lizhenyu/Desktop/AutoPilotEval/solr-8.11.4/solr/server/lib/jetty-util-9.4.53.v20231009.jar:/Users/lizhenyu/Desktop/AutoPilotEval/solr-8.11.4/solr/server/lib/jetty-webapp-9.4.53.v20231009.jar:/Users/lizhenyu/Desktop/AutoPilotEval/solr-8.11.4/solr/server/lib/jetty-xml-9.4.53.v20231009.jar:/Users/lizhenyu/Desktop/AutoPilotEval/solr-8.11.4/solr/server/lib/metrics-core-4.1.5.jar:/Users/lizhenyu/Desktop/AutoPilotEval/solr-8.11.4/solr/server/lib/metrics-graphite-4.1.5.jar:/Users/lizhenyu/Desktop/AutoPilotEval/solr-8.11.4/solr/server/lib/metrics-jetty9-4.1.5.jar:/Users/lizhenyu/Desktop/AutoPilotEval/solr-8.11.4/solr/server/lib/metrics-jmx-4.1.5.jar:/Users/lizhenyu/Desktop/AutoPilotEval/solr-8.11.4/solr/server/lib/metrics-jvm-4.1.5.jar:/Users/lizhenyu/Desktop/AutoPilotEval/solr-8.11.4/solr/example/example-DIH/solr/db/lib/derby-10.9.1.0.jar:/Users/lizhenyu/Desktop/AutoPilotEval/solr-8.11.4/solr/example/example-DIH/solr/db/lib/hsqldb-2.5.2.jar:/Users/lizhenyu/Desktop/AutoPilotEval/solr-8.11.4/lucene/build/core/classes/java:/Users/lizhenyu/Desktop/AutoPilotEval/solr-8.11.4/lucene/test-framework/lib/hamcrest-core-1.3.jar:/Users/lizhenyu/Desktop/AutoPilotEval/solr-8.11.4/lucene/test-framework/lib/junit-4.13.1.jar:/Users/lizhenyu/Desktop/AutoPilotEval/solr-8.11.4/lucene/test-framework/lib/randomizedtesting-runner-2.8.1.jar:/Users/lizhenyu/Desktop/AutoPilotEval/solr-8.11.4/solr/core/test-lib/antlr4-runtime-4.5.1-1.jar:/Users/lizhenyu/Desktop/AutoPilotEval/solr-8.11.4/solr/core/test-lib/byte-buddy-1.9.3.jar:/Users/lizhenyu/Desktop/AutoPilotEval/solr-8.11.4/solr/core/test-lib/commons-compress-1.21.jar:/Users/lizhenyu/Desktop/AutoPilotEval/solr-8.11.4/solr/core/test-lib/commons-logging-1.1.3.jar:/Users/lizhenyu/Desktop/AutoPilotEval/solr-8.11.4/solr/core/test-lib/commons-text-1.10.0.jar:/Users/lizhenyu/Desktop/AutoPilotEval/solr-8.11.4/solr/core/test-lib/hadoop-common-3.2.4-tests.jar:/Users/lizhenyu/Desktop/AutoPilotEval/solr-8.11.4/solr/core/test-lib/hadoop-hdfs-3.2.4-tests.jar:/Users/lizhenyu/Desktop/AutoPilotEval/solr-8.11.4/solr/core/test-lib/hadoop-hdfs-3.2.4.jar:/Users/lizhenyu/Desktop/AutoPilotEval/solr-8.11.4/solr/core/test-lib/hadoop-minicluster-3.2.4.jar:/Users/lizhenyu/Desktop/AutoPilotEval/solr-8.11.4/solr/core/test-lib/hadoop-minikdc-3.2.4.jar:/Users/lizhenyu/Desktop/AutoPilotEval/solr-8.11.4/solr/core/test-lib/jersey-core-1.19.jar:/Users/lizhenyu/Desktop/AutoPilotEval/solr-8.11.4/solr/core/test-lib/jersey-server-1.19.jar:/Users/lizhenyu/Desktop/AutoPilotEval/solr-8.11.4/solr/core/test-lib/jersey-servlet-1.19.jar:/Users/lizhenyu/Desktop/AutoPilotEval/solr-8.11.4/solr/core/test-lib/kerb-admin-1.0.1.jar:/Users/lizhenyu/Desktop/AutoPilotEval/solr-8.11.4/solr/core/test-lib/kerb-client-1.0.1.jar:/Users/lizhenyu/Desktop/AutoPilotEval/solr-8.11.4/solr/core/test-lib/kerb-common-1.0.1.jar:/Users/lizhenyu/Desktop/AutoPilotEval/solr-8.11.4/solr/core/test-lib/kerb-crypto-1.0.1.jar:/Users/lizhenyu/Desktop/AutoPilotEval/solr-8.11.4/solr/core/test-lib/kerb-identity-1.0.1.jar:/Users/lizhenyu/Desktop/AutoPilotEval/solr-8.11.4/solr/core/test-lib/kerb-server-1.0.1.jar:/Users/lizhenyu/Desktop/AutoPilotEval/solr-8.11.4/solr/core/test-lib/kerb-simplekdc-1.0.1.jar:/Users/lizhenyu/Desktop/AutoPilotEval/solr-8.11.4/solr/core/test-lib/kerby-config-1.0.1.jar:/Users/lizhenyu/Desktop/AutoPilotEval/solr-8.11.4/solr/core/test-lib/kerby-kdc-1.0.1.jar:/Users/lizhenyu/Desktop/AutoPilotEval/solr-8.11.4/solr/core/test-lib/kerby-util-1.0.1.jar:/Users/lizhenyu/Desktop/AutoPilotEval/solr-8.11.4/solr/core/test-lib/mockito-core-2.23.4.jar:/Users/lizhenyu/Desktop/AutoPilotEval/solr-8.11.4/solr/core/test-lib/netty-all-4.1.99.Final.jar:/Users/lizhenyu/Desktop/AutoPilotEval/solr-8.11.4/solr/core/test-lib/objenesis-2.6.jar:/Users/lizhenyu/Desktop/AutoPilotEval/solr-8.11.4/solr/core/test-lib/opentracing-mock-0.33.0.jar:/Users/lizhenyu/Desktop/AutoPilotEval/solr-8.11.4/lucene/build/analysis/icu/lucene-analyzers-icu-8.11.4-SNAPSHOT.jar:/Users/lizhenyu/Desktop/AutoPilotEval/solr-8.11.4/solr/build/contrib/solr-analysis-extras/classes/java:/Users/lizhenyu/Desktop/AutoPilotEval/solr-8.11.4/lucene/build/queryparser/classes/test:/Users/lizhenyu/Desktop/AutoPilotEval/solr-8.11.4/lucene/build/backward-codecs/classes/test:/Users/lizhenyu/Desktop/AutoPilotEval/solr-8.11.4/solr/contrib/analysis-extras/lib/icu4j-62.1.jar:/Users/lizhenyu/.ivy2/cache/com.carrotsearch.randomizedtesting/junit4-ant/jars/junit4-ant-2.8.1.jar"/>
      <property name="java.class.version" value="52.0"/>
      <property name="java.endorsed.dirs" value="/Library/Java/JavaVirtualMachines/jdk1.8.0_202.jdk/Contents/Home/jre/lib/endorsed"/>
      <property name="java.ext.dirs" value="/Users/lizhenyu/Library/Java/Extensions:/Library/Java/JavaVirtualMachines/jdk1.8.0_202.jdk/Contents/Home/jre/lib/ext:/Library/Java/Extensions:/Network/Library/Java/Extensions:/System/Library/Java/Extensions:/usr/lib/java"/>
      <property name="java.home" value="/Library/Java/JavaVirtualMachines/jdk1.8.0_202.jdk/Contents/Home/jre"/>
      <property name="java.io.tmpdir" value="./temp"/>
      <property name="java.library.path" value="/Users/lizhenyu/Library/Java/Extensions:/Library/Java/Extensions:/Network/Library/Java/Extensions:/System/Library/Java/Extensions:/usr/lib/java:."/>
      <property name="java.runtime.name" value="Java(TM) SE Runtime Environment"/>
      <property name="java.runtime.version" value="1.8.0_202-b08"/>
      <property name="java.security.egd" value="file:/dev/./urandom"/>
      <property name="java.security.policy" value="/Users/lizhenyu/Desktop/AutoPilotEval/solr-8.11.4/solr/server/etc/security.policy"/>
      <property name="java.specification.name" value="Java Platform API Specification"/>
      <property name="java.specification.vendor" value="Oracle Corporation"/>
      <property name="java.specification.version" value="1.8"/>
      <property name="java.util.logging.config.file" value="/Users/lizhenyu/Desktop/AutoPilotEval/solr-8.11.4/lucene/tools/junit4/logging.properties"/>
      <property name="java.vendor" value="Oracle Corporation"/>
      <property name="java.vendor.url" value="http://java.oracle.com/"/>
      <property name="java.vendor.url.bug" value="http://bugreport.sun.com/bugreport/"/>
      <property name="java.version" value="1.8.0_202"/>
      <property name="java.vm.info" value="mixed mode"/>
      <property name="java.vm.name" value="Java HotSpot(TM) 64-Bit Server VM"/>
      <property name="java.vm.specification.name" value="Java Virtual Machine Specification"/>
      <property name="java.vm.specification.vendor" value="Oracle Corporation"/>
      <property name="java.vm.specification.version" value="1.8"/>
      <property name="java.vm.vendor" value="Oracle Corporation"/>
      <property name="java.vm.version" value="25.202-b08"/>
      <property name="jdk.map.althashing.threshold" value="0"/>
      <property name="jetty.insecurerandom" value="1"/>
      <property name="jetty.testMode" value="1"/>
      <property name="junit4.childvm.count" value="1"/>
      <property name="junit4.childvm.cwd" value="/Users/lizhenyu/Desktop/AutoPilotEval/solr-8.11.4/solr/build/solr-core/test/J0"/>
      <property name="junit4.childvm.id" value="0"/>
      <property name="junit4.memory.total" value="514850816"/>
      <property name="junit4.pidString" value="55720@MacBook-Pro.local"/>
      <property name="junit4.processors" value="14"/>
      <property name="junit4.tempDir" value="/Users/lizhenyu/Desktop/AutoPilotEval/solr-8.11.4/solr/build/solr-core/test/temp"/>
      <property name="line.separator" value="
"/>
      <property name="os.arch" value="x86_64"/>
      <property name="os.name" value="Mac OS X"/>
      <property name="os.version" value="10.16"/>
      <property name="path.separator" value=":"/>
      <property name="socksNonProxyHosts" value="local|*.local|169.254/16|*.169.254/16"/>
      <property name="solr.directoryFactory" value="org.apache.solr.core.MockDirectoryFactory"/>
      <property name="sun.arch.data.model" value="64"/>
      <property name="sun.boot.class.path" value="/Library/Java/JavaVirtualMachines/jdk1.8.0_202.jdk/Contents/Home/jre/lib/resources.jar:/Library/Java/JavaVirtualMachines/jdk1.8.0_202.jdk/Contents/Home/jre/lib/rt.jar:/Library/Java/JavaVirtualMachines/jdk1.8.0_202.jdk/Contents/Home/jre/lib/sunrsasign.jar:/Library/Java/JavaVirtualMachines/jdk1.8.0_202.jdk/Contents/Home/jre/lib/jsse.jar:/Library/Java/JavaVirtualMachines/jdk1.8.0_202.jdk/Contents/Home/jre/lib/jce.jar:/Library/Java/JavaVirtualMachines/jdk1.8.0_202.jdk/Contents/Home/jre/lib/charsets.jar:/Library/Java/JavaVirtualMachines/jdk1.8.0_202.jdk/Contents/Home/jre/lib/jfr.jar:/Library/Java/JavaVirtualMachines/jdk1.8.0_202.jdk/Contents/Home/jre/classes"/>
      <property name="sun.boot.library.path" value="/Library/Java/JavaVirtualMachines/jdk1.8.0_202.jdk/Contents/Home/jre/lib"/>
      <property name="sun.cpu.endian" value="little"/>
      <property name="sun.cpu.isalist" value=""/>
      <property name="sun.io.unicode.encoding" value="UnicodeBig"/>
      <property name="sun.java.command" value="com.carrotsearch.ant.tasks.junit4.forked.ForkedMainSafe -flush -eventsfile /Users/lizhenyu/Desktop/AutoPilotEval/solr-8.11.4/solr/build/solr-core/test/temp/junit4-J0-20250816_221155_8416581989858147953714.events @/Users/lizhenyu/Desktop/AutoPilotEval/solr-8.11.4/solr/build/solr-core/test/temp/junit4-J0-20250816_221155_8416763380469358291872.suites -stdin"/>
      <property name="sun.java.launcher" value="SUN_STANDARD"/>
      <property name="sun.jnu.encoding" value="UTF-8"/>
      <property name="sun.management.compiler" value="HotSpot 64-Bit Tiered Compilers"/>
      <property name="sun.os.patch.level" value="unknown"/>
      <property name="tempDir" value="./temp"/>
      <property name="tests.LUCENE_VERSION" value="8.11.4"/>
      <property name="tests.asserts" value="true"/>
      <property name="tests.cleanthreads" value="perClass"/>
      <property name="tests.codec" value="random"/>
      <property name="tests.directory" value="random"/>
      <property name="tests.docvaluesformat" value="random"/>
      <property name="tests.filterstacks" value="true"/>
      <property name="tests.infostream" value="false"/>
      <property name="tests.iters" value=""/>
      <property name="tests.leaveTemporary" value="false"/>
      <property name="tests.linedocsfile" value="europarl.lines.txt.gz"/>
      <property name="tests.locale" value="random"/>
      <property name="tests.luceneMatchVersion" value="8.11.4"/>
      <property name="tests.monster" value="false"/>
      <property name="tests.multiplier" value="1"/>
      <property name="tests.nightly" value="false"/>
      <property name="tests.postingsformat" value="random"/>
      <property name="tests.prefix" value="tests"/>
      <property name="tests.seed" value="82AE3A52C3DB868E"/>
      <property name="tests.slow" value="true"/>
      <property name="tests.src.home" value="/Users/lizhenyu/Desktop/AutoPilotEval/solr-8.11.4"/>
      <property name="tests.timezone" value="random"/>
      <property name="tests.verbose" value="false"/>
      <property name="tests.weekly" value="false"/>
      <property name="user.country" value="CN"/>
      <property name="user.dir" value="/Users/lizhenyu/Desktop/AutoPilotEval/solr-8.11.4/solr/build/solr-core/test/J0"/>
      <property name="user.home" value="/Users/lizhenyu"/>
      <property name="user.language" value="zh"/>
      <property name="user.name" value="lizhenyu"/>
      <property name="user.timezone" value=""/>
   </properties>
   <testcase classname="junit.framework.TestSuite" name="org.apache.solr.cloud.RecoveryZkTest" time="0.0">
      <error message="Not a known cluster property or starts with prefix ext., propertyName: solr.tests.use.mock.directory" type="org.apache.solr.common.SolrException">org.apache.solr.common.SolrException: Not a known cluster property or starts with prefix ext., propertyName: solr.tests.use.mock.directory
	at __randomizedtesting.SeedInfo.seed([82AE3A52C3DB868E]:0)
	at org.apache.solr.common.cloud.ClusterProperties.validatePropertyName(ClusterProperties.java:208)
	at org.apache.solr.common.cloud.ClusterProperties.setClusterProperty(ClusterProperties.java:160)
	at org.apache.solr.cloud.SolrCloudTestCase$Builder.build(SolrCloudTestCase.java:240)
	at org.apache.solr.cloud.SolrCloudTestCase$Builder.configure(SolrCloudTestCase.java:220)
	at org.apache.solr.cloud.RecoveryZkTest.setupCluster(RecoveryZkTest.java:63)
	at sun.reflect.NativeMethodAccessorImpl.invoke0(Native Method)
	at sun.reflect.NativeMethodAccessorImpl.invoke(NativeMethodAccessorImpl.java:62)
	at sun.reflect.DelegatingMethodAccessorImpl.invoke(DelegatingMethodAccessorImpl.java:43)
	at java.lang.reflect.Method.invoke(Method.java:498)
	at com.carrotsearch.randomizedtesting.RandomizedRunner.invoke(RandomizedRunner.java:1758)
	at com.carrotsearch.randomizedtesting.RandomizedRunner$6.evaluate(RandomizedRunner.java:886)
	at com.carrotsearch.randomizedtesting.RandomizedRunner$7.evaluate(RandomizedRunner.java:902)
	at com.carrotsearch.randomizedtesting.rules.StatementAdapter.evaluate(StatementAdapter.java:36)
	at com.carrotsearch.randomizedtesting.rules.SystemPropertiesRestoreRule$1.evaluate(SystemPropertiesRestoreRule.java:80)
	at org.junit.rules.RunRules.evaluate(RunRules.java:20)
	at org.apache.lucene.util.AbstractBeforeAfterRule$1.evaluate(AbstractBeforeAfterRule.java:45)
	at com.carrotsearch.randomizedtesting.rules.StatementAdapter.evaluate(StatementAdapter.java:36)
	at org.apache.lucene.util.TestRuleStoreClassName$1.evaluate(TestRuleStoreClassName.java:41)
	at com.carrotsearch.randomizedtesting.rules.NoShadowingOrOverridesOnMethodsRule$1.evaluate(NoShadowingOrOverridesOnMethodsRule.java:40)
	at com.carrotsearch.randomizedtesting.rules.NoShadowingOrOverridesOnMethodsRule$1.evaluate(NoShadowingOrOverridesOnMethodsRule.java:40)
	at com.carrotsearch.randomizedtesting.rules.StatementAdapter.evaluate(StatementAdapter.java:36)
	at com.carrotsearch.randomizedtesting.rules.StatementAdapter.evaluate(StatementAdapter.java:36)
	at com.carrotsearch.randomizedtesting.rules.StatementAdapter.evaluate(StatementAdapter.java:36)
	at org.apache.lucene.util.TestRuleAssertionsRequired$1.evaluate(TestRuleAssertionsRequired.java:53)
	at org.apache.lucene.util.TestRuleMarkFailure$1.evaluate(TestRuleMarkFailure.java:47)
	at org.apache.lucene.util.TestRuleIgnoreAfterMaxFailures$1.evaluate(TestRuleIgnoreAfterMaxFailures.java:64)
	at org.apache.lucene.util.TestRuleIgnoreTestSuites$1.evaluate(TestRuleIgnoreTestSuites.java:54)
	at org.junit.rules.RunRules.evaluate(RunRules.java:20)
	at com.carrotsearch.randomizedtesting.rules.StatementAdapter.evaluate(StatementAdapter.java:36)
	at com.carrotsearch.randomizedtesting.ThreadLeakControl$StatementRunner.run(ThreadLeakControl.java:390)
	at com.carrotsearch.randomizedtesting.ThreadLeakControl.lambda$forkTimeoutingTask$0(ThreadLeakControl.java:850)
	at java.lang.Thread.run(Thread.java:748)
</error>
   </testcase>
   <testcase classname="junit.framework.TestSuite" name="org.apache.solr.cloud.RecoveryZkTest" time="0.0">
      <failure message="ObjectTracker found 23 object(s) that were not released!!! [ZkStateReader, SolrZkClient, SolrZkClient, InternalHttpClient, , Http2SolrClient, Http2SolrClient, Overseer, SolrZkClient, Http2SolrClient, InternalHttpClient, ZkTestServer, SolrZkClient, ZkController, InternalHttpClient, ZkStateReader, ZKServerMain, ZkController, InternalHttpClient, InternalHttpClient, Http2SolrClient, ZkStateReader, SolrZkClient]
org.apache.solr.common.util.ObjectReleaseTracker$ObjectTrackerException: org.apache.solr.common.cloud.ZkStateReader
	at org.apache.solr.common.util.ObjectReleaseTracker.track(ObjectReleaseTracker.java:42)
	at org.apache.solr.common.cloud.ZkStateReader.&lt;init&gt;(ZkStateReader.java:351)
	at org.apache.solr.cloud.ZkController.&lt;init&gt;(ZkController.java:482)
	at org.apache.solr.core.ZkContainer.initZooKeeper(ZkContainer.java:131)
	at org.apache.solr.core.CoreContainer.load(CoreContainer.java:727)
	at org.apache.solr.servlet.SolrDispatchFilter.createCoreContainer(SolrDispatchFilter.java:298)
	at org.apache.solr.servlet.SolrDispatchFilter.init(SolrDispatchFilter.java:188)
	at org.eclipse.jetty.servlet.FilterHolder.initialize(FilterHolder.java:140)
	at org.eclipse.jetty.servlet.ServletHandler.initializeHolders(ServletHandler.java:799)
	at org.eclipse.jetty.servlet.ServletHandler.setFilters(ServletHandler.java:1529)
	at org.eclipse.jetty.servlet.ServletHandler.addFilterWithMapping(ServletHandler.java:1016)
	at org.eclipse.jetty.servlet.ServletContextHandler.addFilter(ServletContextHandler.java:478)
	at org.apache.solr.client.solrj.embedded.JettySolrRunner$1.lifeCycleStarted(JettySolrRunner.java:384)
	at org.eclipse.jetty.util.component.AbstractLifeCycle.setStarted(AbstractLifeCycle.java:194)
	at org.eclipse.jetty.util.component.AbstractLifeCycle.start(AbstractLifeCycle.java:74)
	at org.apache.solr.client.solrj.embedded.JettySolrRunner.retryOnPortBindFailure(JettySolrRunner.java:568)
	at org.apache.solr.client.solrj.embedded.JettySolrRunner.start(JettySolrRunner.java:506)
	at org.apache.solr.client.solrj.embedded.JettySolrRunner.start(JettySolrRunner.java:474)
	at org.apache.solr.cloud.MiniSolrCloudCluster.startJettySolrRunner(MiniSolrCloudCluster.java:482)
	at org.apache.solr.cloud.MiniSolrCloudCluster.lambda$new$0(MiniSolrCloudCluster.java:303)
	at java.util.concurrent.FutureTask.run(FutureTask.java:266)
	at org.apache.solr.common.util.ExecutorUtil$MDCAwareThreadPoolExecutor.lambda$execute$0(ExecutorUtil.java:218)
	at java.util.concurrent.ThreadPoolExecutor.runWorker(ThreadPoolExecutor.java:1149)
	at java.util.concurrent.ThreadPoolExecutor$Worker.run(ThreadPoolExecutor.java:624)
	at java.lang.Thread.run(Thread.java:748)

org.apache.solr.common.util.ObjectReleaseTracker$ObjectTrackerException: org.apache.solr.common.cloud.SolrZkClient
	at org.apache.solr.common.util.ObjectReleaseTracker.track(ObjectReleaseTracker.java:42)
	at org.apache.solr.common.cloud.SolrZkClient.&lt;init&gt;(SolrZkClient.java:203)
	at org.apache.solr.common.cloud.SolrZkClient.&lt;init&gt;(SolrZkClient.java:129)
	at org.apache.solr.cloud.ZkController.&lt;init&gt;(ZkController.java:346)
	at org.apache.solr.core.ZkContainer.initZooKeeper(ZkContainer.java:131)
	at org.apache.solr.core.CoreContainer.load(CoreContainer.java:727)
	at org.apache.solr.servlet.SolrDispatchFilter.createCoreContainer(SolrDispatchFilter.java:298)
	at org.apache.solr.servlet.SolrDispatchFilter.init(SolrDispatchFilter.java:188)
	at org.eclipse.jetty.servlet.FilterHolder.initialize(FilterHolder.java:140)
	at org.eclipse.jetty.servlet.ServletHandler.initializeHolders(ServletHandler.java:799)
	at org.eclipse.jetty.servlet.ServletHandler.setFilters(ServletHandler.java:1529)
	at org.eclipse.jetty.servlet.ServletHandler.addFilterWithMapping(ServletHandler.java:1016)
	at org.eclipse.jetty.servlet.ServletContextHandler.addFilter(ServletContextHandler.java:478)
	at org.apache.solr.client.solrj.embedded.JettySolrRunner$1.lifeCycleStarted(JettySolrRunner.java:384)
	at org.eclipse.jetty.util.component.AbstractLifeCycle.setStarted(AbstractLifeCycle.java:194)
	at org.eclipse.jetty.util.component.AbstractLifeCycle.start(AbstractLifeCycle.java:74)
	at org.apache.solr.client.solrj.embedded.JettySolrRunner.retryOnPortBindFailure(JettySolrRunner.java:568)
	at org.apache.solr.client.solrj.embedded.JettySolrRunner.start(JettySolrRunner.java:506)
	at org.apache.solr.client.solrj.embedded.JettySolrRunner.start(JettySolrRunner.java:474)
	at org.apache.solr.cloud.MiniSolrCloudCluster.startJettySolrRunner(MiniSolrCloudCluster.java:482)
	at org.apache.solr.cloud.MiniSolrCloudCluster.lambda$new$0(MiniSolrCloudCluster.java:303)
	at java.util.concurrent.FutureTask.run(FutureTask.java:266)
	at org.apache.solr.common.util.ExecutorUtil$MDCAwareThreadPoolExecutor.lambda$execute$0(ExecutorUtil.java:218)
	at java.util.concurrent.ThreadPoolExecutor.runWorker(ThreadPoolExecutor.java:1149)
	at java.util.concurrent.ThreadPoolExecutor$Worker.run(ThreadPoolExecutor.java:624)
	at java.lang.Thread.run(Thread.java:748)

org.apache.solr.common.util.ObjectReleaseTracker$ObjectTrackerException: org.apache.solr.common.cloud.SolrZkClient
	at org.apache.solr.common.util.ObjectReleaseTracker.track(ObjectReleaseTracker.java:42)
	at org.apache.solr.common.cloud.SolrZkClient.&lt;init&gt;(SolrZkClient.java:203)
	at org.apache.solr.common.cloud.SolrZkClient.&lt;init&gt;(SolrZkClient.java:129)
	at org.apache.solr.common.cloud.SolrZkClient.&lt;init&gt;(SolrZkClient.java:119)
	at org.apache.solr.common.cloud.SolrZkClient.&lt;init&gt;(SolrZkClient.java:105)
	at org.apache.solr.cloud.ZkTestServer.init(ZkTestServer.java:467)
	at org.apache.solr.cloud.ZkTestServer.run(ZkTestServer.java:614)
	at org.apache.solr.cloud.ZkTestServer.run(ZkTestServer.java:538)
	at org.apache.solr.cloud.MiniSolrCloudCluster.&lt;init&gt;(MiniSolrCloudCluster.java:281)
	at org.apache.solr.cloud.SolrCloudTestCase$Builder.build(SolrCloudTestCase.java:230)
	at org.apache.solr.cloud.SolrCloudTestCase$Builder.configure(SolrCloudTestCase.java:220)
	at org.apache.solr.cloud.RecoveryZkTest.setupCluster(RecoveryZkTest.java:63)
	at sun.reflect.NativeMethodAccessorImpl.invoke0(Native Method)
	at sun.reflect.NativeMethodAccessorImpl.invoke(NativeMethodAccessorImpl.java:62)
	at sun.reflect.DelegatingMethodAccessorImpl.invoke(DelegatingMethodAccessorImpl.java:43)
	at java.lang.reflect.Method.invoke(Method.java:498)
	at com.carrotsearch.randomizedtesting.RandomizedRunner.invoke(RandomizedRunner.java:1758)
	at com.carrotsearch.randomizedtesting.RandomizedRunner$6.evaluate(RandomizedRunner.java:886)
	at com.carrotsearch.randomizedtesting.RandomizedRunner$7.evaluate(RandomizedRunner.java:902)
	at com.carrotsearch.randomizedtesting.rules.StatementAdapter.evaluate(StatementAdapter.java:36)
	at com.carrotsearch.randomizedtesting.rules.SystemPropertiesRestoreRule$1.evaluate(SystemPropertiesRestoreRule.java:80)
	at org.junit.rules.RunRules.evaluate(RunRules.java:20)
	at org.apache.lucene.util.AbstractBeforeAfterRule$1.evaluate(AbstractBeforeAfterRule.java:45)
	at com.carrotsearch.randomizedtesting.rules.StatementAdapter.evaluate(StatementAdapter.java:36)
	at org.apache.lucene.util.TestRuleStoreClassName$1.evaluate(TestRuleStoreClassName.java:41)
	at com.carrotsearch.randomizedtesting.rules.NoShadowingOrOverridesOnMethodsRule$1.evaluate(NoShadowingOrOverridesOnMethodsRule.java:40)
	at com.carrotsearch.randomizedtesting.rules.NoShadowingOrOverridesOnMethodsRule$1.evaluate(NoShadowingOrOverridesOnMethodsRule.java:40)
	at com.carrotsearch.randomizedtesting.rules.StatementAdapter.evaluate(StatementAdapter.java:36)
	at com.carrotsearch.randomizedtesting.rules.StatementAdapter.evaluate(StatementAdapter.java:36)
	at com.carrotsearch.randomizedtesting.rules.StatementAdapter.evaluate(StatementAdapter.java:36)
	at org.apache.lucene.util.TestRuleAssertionsRequired$1.evaluate(TestRuleAssertionsRequired.java:53)
	at org.apache.lucene.util.TestRuleMarkFailure$1.evaluate(TestRuleMarkFailure.java:47)
	at org.apache.lucene.util.TestRuleIgnoreAfterMaxFailures$1.evaluate(TestRuleIgnoreAfterMaxFailures.java:64)
	at org.apache.lucene.util.TestRuleIgnoreTestSuites$1.evaluate(TestRuleIgnoreTestSuites.java:54)
	at org.junit.rules.RunRules.evaluate(RunRules.java:20)
	at com.carrotsearch.randomizedtesting.rules.StatementAdapter.evaluate(StatementAdapter.java:36)
	at com.carrotsearch.randomizedtesting.ThreadLeakControl$StatementRunner.run(ThreadLeakControl.java:390)
	at com.carrotsearch.randomizedtesting.ThreadLeakControl.lambda$forkTimeoutingTask$0(ThreadLeakControl.java:850)
	at java.lang.Thread.run(Thread.java:748)

org.apache.solr.common.util.ObjectReleaseTracker$ObjectTrackerException: org.apache.http.impl.client.InternalHttpClient
	at org.apache.solr.common.util.ObjectReleaseTracker.track(ObjectReleaseTracker.java:42)
	at org.apache.solr.client.solrj.impl.HttpClientUtil.createClient(HttpClientUtil.java:341)
	at org.apache.solr.client.solrj.impl.HttpClientUtil.createClient(HttpClientUtil.java:350)
	at org.apache.solr.client.solrj.impl.HttpClientUtil.createClient(HttpClientUtil.java:288)
	at org.apache.solr.client.solrj.impl.HttpClientUtil.createClient(HttpClientUtil.java:275)
	at org.apache.solr.client.solrj.impl.CloudSolrClient.&lt;init&gt;(CloudSolrClient.java:101)
	at org.apache.solr.client.solrj.impl.CloudSolrClient$Builder.build(CloudSolrClient.java:480)
	at org.apache.solr.cloud.MiniSolrCloudCluster.buildSolrClient(MiniSolrCloudCluster.java:656)
	at org.apache.solr.cloud.MiniSolrCloudCluster.&lt;init&gt;(MiniSolrCloudCluster.java:320)
	at org.apache.solr.cloud.SolrCloudTestCase$Builder.build(SolrCloudTestCase.java:230)
	at org.apache.solr.cloud.SolrCloudTestCase$Builder.configure(SolrCloudTestCase.java:220)
	at org.apache.solr.cloud.RecoveryZkTest.setupCluster(RecoveryZkTest.java:63)
	at sun.reflect.NativeMethodAccessorImpl.invoke0(Native Method)
	at sun.reflect.NativeMethodAccessorImpl.invoke(NativeMethodAccessorImpl.java:62)
	at sun.reflect.DelegatingMethodAccessorImpl.invoke(DelegatingMethodAccessorImpl.java:43)
	at java.lang.reflect.Method.invoke(Method.java:498)
	at com.carrotsearch.randomizedtesting.RandomizedRunner.invoke(RandomizedRunner.java:1758)
	at com.carrotsearch.randomizedtesting.RandomizedRunner$6.evaluate(RandomizedRunner.java:886)
	at com.carrotsearch.randomizedtesting.RandomizedRunner$7.evaluate(RandomizedRunner.java:902)
	at com.carrotsearch.randomizedtesting.rules.StatementAdapter.evaluate(StatementAdapter.java:36)
	at com.carrotsearch.randomizedtesting.rules.SystemPropertiesRestoreRule$1.evaluate(SystemPropertiesRestoreRule.java:80)
	at org.junit.rules.RunRules.evaluate(RunRules.java:20)
	at org.apache.lucene.util.AbstractBeforeAfterRule$1.evaluate(AbstractBeforeAfterRule.java:45)
	at com.carrotsearch.randomizedtesting.rules.StatementAdapter.evaluate(StatementAdapter.java:36)
	at org.apache.lucene.util.TestRuleStoreClassName$1.evaluate(TestRuleStoreClassName.java:41)
	at com.carrotsearch.randomizedtesting.rules.NoShadowingOrOverridesOnMethodsRule$1.evaluate(NoShadowingOrOverridesOnMethodsRule.java:40)
	at com.carrotsearch.randomizedtesting.rules.NoShadowingOrOverridesOnMethodsRule$1.evaluate(NoShadowingOrOverridesOnMethodsRule.java:40)
	at com.carrotsearch.randomizedtesting.rules.StatementAdapter.evaluate(StatementAdapter.java:36)
	at com.carrotsearch.randomizedtesting.rules.StatementAdapter.evaluate(StatementAdapter.java:36)
	at com.carrotsearch.randomizedtesting.rules.StatementAdapter.evaluate(StatementAdapter.java:36)
	at org.apache.lucene.util.TestRuleAssertionsRequired$1.evaluate(TestRuleAssertionsRequired.java:53)
	at org.apache.lucene.util.TestRuleMarkFailure$1.evaluate(TestRuleMarkFailure.java:47)
	at org.apache.lucene.util.TestRuleIgnoreAfterMaxFailures$1.evaluate(TestRuleIgnoreAfterMaxFailures.java:64)
	at org.apache.lucene.util.TestRuleIgnoreTestSuites$1.evaluate(TestRuleIgnoreTestSuites.java:54)
	at org.junit.rules.RunRules.evaluate(RunRules.java:20)
	at com.carrotsearch.randomizedtesting.rules.StatementAdapter.evaluate(StatementAdapter.java:36)
	at com.carrotsearch.randomizedtesting.ThreadLeakControl$StatementRunner.run(ThreadLeakControl.java:390)
	at com.carrotsearch.randomizedtesting.ThreadLeakControl.lambda$forkTimeoutingTask$0(ThreadLeakControl.java:850)
	at java.lang.Thread.run(Thread.java:748)

org.apache.solr.common.util.ObjectReleaseTracker$ObjectTrackerException: org.apache.solr.cloud.ZkTestServer$2
	at org.apache.solr.common.util.ObjectReleaseTracker.track(ObjectReleaseTracker.java:42)
	at org.apache.solr.cloud.ZkTestServer.run(ZkTestServer.java:588)
	at org.apache.solr.cloud.ZkTestServer.run(ZkTestServer.java:538)
	at org.apache.solr.cloud.MiniSolrCloudCluster.&lt;init&gt;(MiniSolrCloudCluster.java:281)
	at org.apache.solr.cloud.SolrCloudTestCase$Builder.build(SolrCloudTestCase.java:230)
	at org.apache.solr.cloud.SolrCloudTestCase$Builder.configure(SolrCloudTestCase.java:220)
	at org.apache.solr.cloud.RecoveryZkTest.setupCluster(RecoveryZkTest.java:63)
	at sun.reflect.NativeMethodAccessorImpl.invoke0(Native Method)
	at sun.reflect.NativeMethodAccessorImpl.invoke(NativeMethodAccessorImpl.java:62)
	at sun.reflect.DelegatingMethodAccessorImpl.invoke(DelegatingMethodAccessorImpl.java:43)
	at java.lang.reflect.Method.invoke(Method.java:498)
	at com.carrotsearch.randomizedtesting.RandomizedRunner.invoke(RandomizedRunner.java:1758)
	at com.carrotsearch.randomizedtesting.RandomizedRunner$6.evaluate(RandomizedRunner.java:886)
	at com.carrotsearch.randomizedtesting.RandomizedRunner$7.evaluate(RandomizedRunner.java:902)
	at com.carrotsearch.randomizedtesting.rules.StatementAdapter.evaluate(StatementAdapter.java:36)
	at com.carrotsearch.randomizedtesting.rules.SystemPropertiesRestoreRule$1.evaluate(SystemPropertiesRestoreRule.java:80)
	at org.junit.rules.RunRules.evaluate(RunRules.java:20)
	at org.apache.lucene.util.AbstractBeforeAfterRule$1.evaluate(AbstractBeforeAfterRule.java:45)
	at com.carrotsearch.randomizedtesting.rules.StatementAdapter.evaluate(StatementAdapter.java:36)
	at org.apache.lucene.util.TestRuleStoreClassName$1.evaluate(TestRuleStoreClassName.java:41)
	at com.carrotsearch.randomizedtesting.rules.NoShadowingOrOverridesOnMethodsRule$1.evaluate(NoShadowingOrOverridesOnMethodsRule.java:40)
	at com.carrotsearch.randomizedtesting.rules.NoShadowingOrOverridesOnMethodsRule$1.evaluate(NoShadowingOrOverridesOnMethodsRule.java:40)
	at com.carrotsearch.randomizedtesting.rules.StatementAdapter.evaluate(StatementAdapter.java:36)
	at com.carrotsearch.randomizedtesting.rules.StatementAdapter.evaluate(StatementAdapter.java:36)
	at com.carrotsearch.randomizedtesting.rules.StatementAdapter.evaluate(StatementAdapter.java:36)
	at org.apache.lucene.util.TestRuleAssertionsRequired$1.evaluate(TestRuleAssertionsRequired.java:53)
	at org.apache.lucene.util.TestRuleMarkFailure$1.evaluate(TestRuleMarkFailure.java:47)
	at org.apache.lucene.util.TestRuleIgnoreAfterMaxFailures$1.evaluate(TestRuleIgnoreAfterMaxFailures.java:64)
	at org.apache.lucene.util.TestRuleIgnoreTestSuites$1.evaluate(TestRuleIgnoreTestSuites.java:54)
	at org.junit.rules.RunRules.evaluate(RunRules.java:20)
	at com.carrotsearch.randomizedtesting.rules.StatementAdapter.evaluate(StatementAdapter.java:36)
	at com.carrotsearch.randomizedtesting.ThreadLeakControl$StatementRunner.run(ThreadLeakControl.java:390)
	at com.carrotsearch.randomizedtesting.ThreadLeakControl.lambda$forkTimeoutingTask$0(ThreadLeakControl.java:850)
	at java.lang.Thread.run(Thread.java:748)

org.apache.solr.common.util.ObjectReleaseTracker$ObjectTrackerException: org.apache.solr.client.solrj.impl.Http2SolrClient
	at org.apache.solr.common.util.ObjectReleaseTracker.track(ObjectReleaseTracker.java:42)
	at org.apache.solr.client.solrj.impl.Http2SolrClient.&lt;init&gt;(Http2SolrClient.java:170)
	at org.apache.solr.client.solrj.impl.Http2SolrClient$Builder.build(Http2SolrClient.java:866)
	at org.apache.solr.handler.component.HttpShardHandlerFactory.init(HttpShardHandlerFactory.java:319)
	at org.apache.solr.handler.component.ShardHandlerFactory.newInstance(ShardHandlerFactory.java:51)
	at org.apache.solr.core.CoreContainer.load(CoreContainer.java:706)
	at org.apache.solr.servlet.SolrDispatchFilter.createCoreContainer(SolrDispatchFilter.java:298)
	at org.apache.solr.servlet.SolrDispatchFilter.init(SolrDispatchFilter.java:188)
	at org.eclipse.jetty.servlet.FilterHolder.initialize(FilterHolder.java:140)
	at org.eclipse.jetty.servlet.ServletHandler.initializeHolders(ServletHandler.java:799)
	at org.eclipse.jetty.servlet.ServletHandler.setFilters(ServletHandler.java:1529)
	at org.eclipse.jetty.servlet.ServletHandler.addFilterWithMapping(ServletHandler.java:1016)
	at org.eclipse.jetty.servlet.ServletContextHandler.addFilter(ServletContextHandler.java:478)
	at org.apache.solr.client.solrj.embedded.JettySolrRunner$1.lifeCycleStarted(JettySolrRunner.java:384)
	at org.eclipse.jetty.util.component.AbstractLifeCycle.setStarted(AbstractLifeCycle.java:194)
	at org.eclipse.jetty.util.component.AbstractLifeCycle.start(AbstractLifeCycle.java:74)
	at org.apache.solr.client.solrj.embedded.JettySolrRunner.retryOnPortBindFailure(JettySolrRunner.java:568)
	at org.apache.solr.client.solrj.embedded.JettySolrRunner.start(JettySolrRunner.java:506)
	at org.apache.solr.client.solrj.embedded.JettySolrRunner.start(JettySolrRunner.java:474)
	at org.apache.solr.cloud.MiniSolrCloudCluster.startJettySolrRunner(MiniSolrCloudCluster.java:482)
	at org.apache.solr.cloud.MiniSolrCloudCluster.lambda$new$0(MiniSolrCloudCluster.java:303)
	at java.util.concurrent.FutureTask.run(FutureTask.java:266)
	at org.apache.solr.common.util.ExecutorUtil$MDCAwareThreadPoolExecutor.lambda$execute$0(ExecutorUtil.java:218)
	at java.util.concurrent.ThreadPoolExecutor.runWorker(ThreadPoolExecutor.java:1149)
	at java.util.concurrent.ThreadPoolExecutor$Worker.run(ThreadPoolExecutor.java:624)
	at java.lang.Thread.run(Thread.java:748)

org.apache.solr.common.util.ObjectReleaseTracker$ObjectTrackerException: org.apache.solr.client.solrj.impl.Http2SolrClient
	at org.apache.solr.common.util.ObjectReleaseTracker.track(ObjectReleaseTracker.java:42)
	at org.apache.solr.client.solrj.impl.Http2SolrClient.&lt;init&gt;(Http2SolrClient.java:170)
	at org.apache.solr.client.solrj.impl.Http2SolrClient$Builder.build(Http2SolrClient.java:866)
	at org.apache.solr.update.UpdateShardHandler.&lt;init&gt;(UpdateShardHandler.java:133)
	at org.apache.solr.core.CoreContainer.load(CoreContainer.java:712)
	at org.apache.solr.servlet.SolrDispatchFilter.createCoreContainer(SolrDispatchFilter.java:298)
	at org.apache.solr.servlet.SolrDispatchFilter.init(SolrDispatchFilter.java:188)
	at org.eclipse.jetty.servlet.FilterHolder.initialize(FilterHolder.java:140)
	at org.eclipse.jetty.servlet.ServletHandler.initializeHolders(ServletHandler.java:799)
	at org.eclipse.jetty.servlet.ServletHandler.setFilters(ServletHandler.java:1529)
	at org.eclipse.jetty.servlet.ServletHandler.addFilterWithMapping(ServletHandler.java:1016)
	at org.eclipse.jetty.servlet.ServletContextHandler.addFilter(ServletContextHandler.java:478)
	at org.apache.solr.client.solrj.embedded.JettySolrRunner$1.lifeCycleStarted(JettySolrRunner.java:384)
	at org.eclipse.jetty.util.component.AbstractLifeCycle.setStarted(AbstractLifeCycle.java:194)
	at org.eclipse.jetty.util.component.AbstractLifeCycle.start(AbstractLifeCycle.java:74)
	at org.apache.solr.client.solrj.embedded.JettySolrRunner.retryOnPortBindFailure(JettySolrRunner.java:568)
	at org.apache.solr.client.solrj.embedded.JettySolrRunner.start(JettySolrRunner.java:506)
	at org.apache.solr.client.solrj.embedded.JettySolrRunner.start(JettySolrRunner.java:474)
	at org.apache.solr.cloud.MiniSolrCloudCluster.startJettySolrRunner(MiniSolrCloudCluster.java:482)
	at org.apache.solr.cloud.MiniSolrCloudCluster.lambda$new$0(MiniSolrCloudCluster.java:303)
	at java.util.concurrent.FutureTask.run(FutureTask.java:266)
	at org.apache.solr.common.util.ExecutorUtil$MDCAwareThreadPoolExecutor.lambda$execute$0(ExecutorUtil.java:218)
	at java.util.concurrent.ThreadPoolExecutor.runWorker(ThreadPoolExecutor.java:1149)
	at java.util.concurrent.ThreadPoolExecutor$Worker.run(ThreadPoolExecutor.java:624)
	at java.lang.Thread.run(Thread.java:748)

org.apache.solr.common.util.ObjectReleaseTracker$ObjectTrackerException: org.apache.solr.cloud.Overseer
	at org.apache.solr.common.util.ObjectReleaseTracker.track(ObjectReleaseTracker.java:42)
	at org.apache.solr.cloud.Overseer.start(Overseer.java:632)
	at org.apache.solr.cloud.OverseerElectionContext.runLeaderProcess(OverseerElectionContext.java:77)
	at org.apache.solr.cloud.LeaderElector.runIamLeaderProcess(LeaderElector.java:172)
	at org.apache.solr.cloud.LeaderElector.checkIfIamLeader(LeaderElector.java:138)
	at org.apache.solr.cloud.LeaderElector.joinElection(LeaderElector.java:309)
	at org.apache.solr.cloud.LeaderElector.joinElection(LeaderElector.java:218)
	at org.apache.solr.cloud.ZkController.init(ZkController.java:977)
	at org.apache.solr.cloud.ZkController.&lt;init&gt;(ZkController.java:486)
	at org.apache.solr.core.ZkContainer.initZooKeeper(ZkContainer.java:131)
	at org.apache.solr.core.CoreContainer.load(CoreContainer.java:727)
	at org.apache.solr.servlet.SolrDispatchFilter.createCoreContainer(SolrDispatchFilter.java:298)
	at org.apache.solr.servlet.SolrDispatchFilter.init(SolrDispatchFilter.java:188)
	at org.eclipse.jetty.servlet.FilterHolder.initialize(FilterHolder.java:140)
	at org.eclipse.jetty.servlet.ServletHandler.initializeHolders(ServletHandler.java:799)
	at org.eclipse.jetty.servlet.ServletHandler.setFilters(ServletHandler.java:1529)
	at org.eclipse.jetty.servlet.ServletHandler.addFilterWithMapping(ServletHandler.java:1016)
	at org.eclipse.jetty.servlet.ServletContextHandler.addFilter(ServletContextHandler.java:478)
	at org.apache.solr.client.solrj.embedded.JettySolrRunner$1.lifeCycleStarted(JettySolrRunner.java:384)
	at org.eclipse.jetty.util.component.AbstractLifeCycle.setStarted(AbstractLifeCycle.java:194)
	at org.eclipse.jetty.util.component.AbstractLifeCycle.start(AbstractLifeCycle.java:74)
	at org.apache.solr.client.solrj.embedded.JettySolrRunner.retryOnPortBindFailure(JettySolrRunner.java:568)
	at org.apache.solr.client.solrj.embedded.JettySolrRunner.start(JettySolrRunner.java:506)
	at org.apache.solr.client.solrj.embedded.JettySolrRunner.start(JettySolrRunner.java:474)
	at org.apache.solr.cloud.MiniSolrCloudCluster.startJettySolrRunner(MiniSolrCloudCluster.java:482)
	at org.apache.solr.cloud.MiniSolrCloudCluster.lambda$new$0(MiniSolrCloudCluster.java:303)
	at java.util.concurrent.FutureTask.run(FutureTask.java:266)
	at org.apache.solr.common.util.ExecutorUtil$MDCAwareThreadPoolExecutor.lambda$execute$0(ExecutorUtil.java:218)
	at java.util.concurrent.ThreadPoolExecutor.runWorker(ThreadPoolExecutor.java:1149)
	at java.util.concurrent.ThreadPoolExecutor$Worker.run(ThreadPoolExecutor.java:624)
	at java.lang.Thread.run(Thread.java:748)

org.apache.solr.common.util.ObjectReleaseTracker$ObjectTrackerException: org.apache.solr.common.cloud.SolrZkClient
	at org.apache.solr.common.util.ObjectReleaseTracker.track(ObjectReleaseTracker.java:42)
	at org.apache.solr.common.cloud.SolrZkClient.&lt;init&gt;(SolrZkClient.java:203)
	at org.apache.solr.common.cloud.ZkStateReader.&lt;init&gt;(ZkStateReader.java:364)
	at org.apache.solr.client.solrj.impl.ZkClientClusterStateProvider.getZkStateReader(ZkClientClusterStateProvider.java:185)
	at org.apache.solr.client.solrj.impl.ZkClientClusterStateProvider.connect(ZkClientClusterStateProvider.java:170)
	at org.apache.solr.client.solrj.impl.BaseCloudSolrClient.getZkStateReader(BaseCloudSolrClient.java:291)
	at org.apache.solr.cloud.MiniSolrCloudCluster.waitForAllNodes(MiniSolrCloudCluster.java:355)
	at org.apache.solr.cloud.MiniSolrCloudCluster.&lt;init&gt;(MiniSolrCloudCluster.java:323)
	at org.apache.solr.cloud.SolrCloudTestCase$Builder.build(SolrCloudTestCase.java:230)
	at org.apache.solr.cloud.SolrCloudTestCase$Builder.configure(SolrCloudTestCase.java:220)
	at org.apache.solr.cloud.RecoveryZkTest.setupCluster(RecoveryZkTest.java:63)
	at sun.reflect.NativeMethodAccessorImpl.invoke0(Native Method)
	at sun.reflect.NativeMethodAccessorImpl.invoke(NativeMethodAccessorImpl.java:62)
	at sun.reflect.DelegatingMethodAccessorImpl.invoke(DelegatingMethodAccessorImpl.java:43)
	at java.lang.reflect.Method.invoke(Method.java:498)
	at com.carrotsearch.randomizedtesting.RandomizedRunner.invoke(RandomizedRunner.java:1758)
	at com.carrotsearch.randomizedtesting.RandomizedRunner$6.evaluate(RandomizedRunner.java:886)
	at com.carrotsearch.randomizedtesting.RandomizedRunner$7.evaluate(RandomizedRunner.java:902)
	at com.carrotsearch.randomizedtesting.rules.StatementAdapter.evaluate(StatementAdapter.java:36)
	at com.carrotsearch.randomizedtesting.rules.SystemPropertiesRestoreRule$1.evaluate(SystemPropertiesRestoreRule.java:80)
	at org.junit.rules.RunRules.evaluate(RunRules.java:20)
	at org.apache.lucene.util.AbstractBeforeAfterRule$1.evaluate(AbstractBeforeAfterRule.java:45)
	at com.carrotsearch.randomizedtesting.rules.StatementAdapter.evaluate(StatementAdapter.java:36)
	at org.apache.lucene.util.TestRuleStoreClassName$1.evaluate(TestRuleStoreClassName.java:41)
	at com.carrotsearch.randomizedtesting.rules.NoShadowingOrOverridesOnMethodsRule$1.evaluate(NoShadowingOrOverridesOnMethodsRule.java:40)
	at com.carrotsearch.randomizedtesting.rules.NoShadowingOrOverridesOnMethodsRule$1.evaluate(NoShadowingOrOverridesOnMethodsRule.java:40)
	at com.carrotsearch.randomizedtesting.rules.StatementAdapter.evaluate(StatementAdapter.java:36)
	at com.carrotsearch.randomizedtesting.rules.StatementAdapter.evaluate(StatementAdapter.java:36)
	at com.carrotsearch.randomizedtesting.rules.StatementAdapter.evaluate(StatementAdapter.java:36)
	at org.apache.lucene.util.TestRuleAssertionsRequired$1.evaluate(TestRuleAssertionsRequired.java:53)
	at org.apache.lucene.util.TestRuleMarkFailure$1.evaluate(TestRuleMarkFailure.java:47)
	at org.apache.lucene.util.TestRuleIgnoreAfterMaxFailures$1.evaluate(TestRuleIgnoreAfterMaxFailures.java:64)
	at org.apache.lucene.util.TestRuleIgnoreTestSuites$1.evaluate(TestRuleIgnoreTestSuites.java:54)
	at org.junit.rules.RunRules.evaluate(RunRules.java:20)
	at com.carrotsearch.randomizedtesting.rules.StatementAdapter.evaluate(StatementAdapter.java:36)
	at com.carrotsearch.randomizedtesting.ThreadLeakControl$StatementRunner.run(ThreadLeakControl.java:390)
	at com.carrotsearch.randomizedtesting.ThreadLeakControl.lambda$forkTimeoutingTask$0(ThreadLeakControl.java:850)
	at java.lang.Thread.run(Thread.java:748)

org.apache.solr.common.util.ObjectReleaseTracker$ObjectTrackerException: org.apache.solr.client.solrj.impl.Http2SolrClient
	at org.apache.solr.common.util.ObjectReleaseTracker.track(ObjectReleaseTracker.java:42)
	at org.apache.solr.client.solrj.impl.Http2SolrClient.&lt;init&gt;(Http2SolrClient.java:170)
	at org.apache.solr.client.solrj.impl.Http2SolrClient$Builder.build(Http2SolrClient.java:866)
	at org.apache.solr.handler.component.HttpShardHandlerFactory.init(HttpShardHandlerFactory.java:319)
	at org.apache.solr.handler.component.ShardHandlerFactory.newInstance(ShardHandlerFactory.java:51)
	at org.apache.solr.core.CoreContainer.load(CoreContainer.java:706)
	at org.apache.solr.servlet.SolrDispatchFilter.createCoreContainer(SolrDispatchFilter.java:298)
	at org.apache.solr.servlet.SolrDispatchFilter.init(SolrDispatchFilter.java:188)
	at org.eclipse.jetty.servlet.FilterHolder.initialize(FilterHolder.java:140)
	at org.eclipse.jetty.servlet.ServletHandler.initializeHolders(ServletHandler.java:799)
	at org.eclipse.jetty.servlet.ServletHandler.setFilters(ServletHandler.java:1529)
	at org.eclipse.jetty.servlet.ServletHandler.addFilterWithMapping(ServletHandler.java:1016)
	at org.eclipse.jetty.servlet.ServletContextHandler.addFilter(ServletContextHandler.java:478)
	at org.apache.solr.client.solrj.embedded.JettySolrRunner$1.lifeCycleStarted(JettySolrRunner.java:384)
	at org.eclipse.jetty.util.component.AbstractLifeCycle.setStarted(AbstractLifeCycle.java:194)
	at org.eclipse.jetty.util.component.AbstractLifeCycle.start(AbstractLifeCycle.java:74)
	at org.apache.solr.client.solrj.embedded.JettySolrRunner.retryOnPortBindFailure(JettySolrRunner.java:568)
	at org.apache.solr.client.solrj.embedded.JettySolrRunner.start(JettySolrRunner.java:506)
	at org.apache.solr.client.solrj.embedded.JettySolrRunner.start(JettySolrRunner.java:474)
	at org.apache.solr.cloud.MiniSolrCloudCluster.startJettySolrRunner(MiniSolrCloudCluster.java:482)
	at org.apache.solr.cloud.MiniSolrCloudCluster.lambda$new$0(MiniSolrCloudCluster.java:303)
	at java.util.concurrent.FutureTask.run(FutureTask.java:266)
	at org.apache.solr.common.util.ExecutorUtil$MDCAwareThreadPoolExecutor.lambda$execute$0(ExecutorUtil.java:218)
	at java.util.concurrent.ThreadPoolExecutor.runWorker(ThreadPoolExecutor.java:1149)
	at java.util.concurrent.ThreadPoolExecutor$Worker.run(ThreadPoolExecutor.java:624)
	at java.lang.Thread.run(Thread.java:748)

org.apache.solr.common.util.ObjectReleaseTracker$ObjectTrackerException: org.apache.http.impl.client.InternalHttpClient
	at org.apache.solr.common.util.ObjectReleaseTracker.track(ObjectReleaseTracker.java:42)
	at org.apache.solr.client.solrj.impl.HttpClientUtil.createClient(HttpClientUtil.java:341)
	at org.apache.solr.update.UpdateShardHandler.&lt;init&gt;(UpdateShardHandler.java:124)
	at org.apache.solr.core.CoreContainer.load(CoreContainer.java:712)
	at org.apache.solr.servlet.SolrDispatchFilter.createCoreContainer(SolrDispatchFilter.java:298)
	at org.apache.solr.servlet.SolrDispatchFilter.init(SolrDispatchFilter.java:188)
	at org.eclipse.jetty.servlet.FilterHolder.initialize(FilterHolder.java:140)
	at org.eclipse.jetty.servlet.ServletHandler.initializeHolders(ServletHandler.java:799)
	at org.eclipse.jetty.servlet.ServletHandler.setFilters(ServletHandler.java:1529)
	at org.eclipse.jetty.servlet.ServletHandler.addFilterWithMapping(ServletHandler.java:1016)
	at org.eclipse.jetty.servlet.ServletContextHandler.addFilter(ServletContextHandler.java:478)
	at org.apache.solr.client.solrj.embedded.JettySolrRunner$1.lifeCycleStarted(JettySolrRunner.java:384)
	at org.eclipse.jetty.util.component.AbstractLifeCycle.setStarted(AbstractLifeCycle.java:194)
	at org.eclipse.jetty.util.component.AbstractLifeCycle.start(AbstractLifeCycle.java:74)
	at org.apache.solr.client.solrj.embedded.JettySolrRunner.retryOnPortBindFailure(JettySolrRunner.java:568)
	at org.apache.solr.client.solrj.embedded.JettySolrRunner.start(JettySolrRunner.java:506)
	at org.apache.solr.client.solrj.embedded.JettySolrRunner.start(JettySolrRunner.java:474)
	at org.apache.solr.cloud.MiniSolrCloudCluster.startJettySolrRunner(MiniSolrCloudCluster.java:482)
	at org.apache.solr.cloud.MiniSolrCloudCluster.lambda$new$0(MiniSolrCloudCluster.java:303)
	at java.util.concurrent.FutureTask.run(FutureTask.java:266)
	at org.apache.solr.common.util.ExecutorUtil$MDCAwareThreadPoolExecutor.lambda$execute$0(ExecutorUtil.java:218)
	at java.util.concurrent.ThreadPoolExecutor.runWorker(ThreadPoolExecutor.java:1149)
	at java.util.concurrent.ThreadPoolExecutor$Worker.run(ThreadPoolExecutor.java:624)
	at java.lang.Thread.run(Thread.java:748)

org.apache.solr.common.util.ObjectReleaseTracker$ObjectTrackerException: org.apache.solr.cloud.ZkTestServer
	at org.apache.solr.common.util.ObjectReleaseTracker.track(ObjectReleaseTracker.java:42)
	at org.apache.solr.cloud.ZkTestServer.&lt;init&gt;(ZkTestServer.java:451)
	at org.apache.solr.cloud.ZkTestServer.&lt;init&gt;(ZkTestServer.java:434)
	at org.apache.solr.cloud.MiniSolrCloudCluster.&lt;init&gt;(MiniSolrCloudCluster.java:279)
	at org.apache.solr.cloud.SolrCloudTestCase$Builder.build(SolrCloudTestCase.java:230)
	at org.apache.solr.cloud.SolrCloudTestCase$Builder.configure(SolrCloudTestCase.java:220)
	at org.apache.solr.cloud.RecoveryZkTest.setupCluster(RecoveryZkTest.java:63)
	at sun.reflect.NativeMethodAccessorImpl.invoke0(Native Method)
	at sun.reflect.NativeMethodAccessorImpl.invoke(NativeMethodAccessorImpl.java:62)
	at sun.reflect.DelegatingMethodAccessorImpl.invoke(DelegatingMethodAccessorImpl.java:43)
	at java.lang.reflect.Method.invoke(Method.java:498)
	at com.carrotsearch.randomizedtesting.RandomizedRunner.invoke(RandomizedRunner.java:1758)
	at com.carrotsearch.randomizedtesting.RandomizedRunner$6.evaluate(RandomizedRunner.java:886)
	at com.carrotsearch.randomizedtesting.RandomizedRunner$7.evaluate(RandomizedRunner.java:902)
	at com.carrotsearch.randomizedtesting.rules.StatementAdapter.evaluate(StatementAdapter.java:36)
	at com.carrotsearch.randomizedtesting.rules.SystemPropertiesRestoreRule$1.evaluate(SystemPropertiesRestoreRule.java:80)
	at org.junit.rules.RunRules.evaluate(RunRules.java:20)
	at org.apache.lucene.util.AbstractBeforeAfterRule$1.evaluate(AbstractBeforeAfterRule.java:45)
	at com.carrotsearch.randomizedtesting.rules.StatementAdapter.evaluate(StatementAdapter.java:36)
	at org.apache.lucene.util.TestRuleStoreClassName$1.evaluate(TestRuleStoreClassName.java:41)
	at com.carrotsearch.randomizedtesting.rules.NoShadowingOrOverridesOnMethodsRule$1.evaluate(NoShadowingOrOverridesOnMethodsRule.java:40)
	at com.carrotsearch.randomizedtesting.rules.NoShadowingOrOverridesOnMethodsRule$1.evaluate(NoShadowingOrOverridesOnMethodsRule.java:40)
	at com.carrotsearch.randomizedtesting.rules.StatementAdapter.evaluate(StatementAdapter.java:36)
	at com.carrotsearch.randomizedtesting.rules.StatementAdapter.evaluate(StatementAdapter.java:36)
	at com.carrotsearch.randomizedtesting.rules.StatementAdapter.evaluate(StatementAdapter.java:36)
	at org.apache.lucene.util.TestRuleAssertionsRequired$1.evaluate(TestRuleAssertionsRequired.java:53)
	at org.apache.lucene.util.TestRuleMarkFailure$1.evaluate(TestRuleMarkFailure.java:47)
	at org.apache.lucene.util.TestRuleIgnoreAfterMaxFailures$1.evaluate(TestRuleIgnoreAfterMaxFailures.java:64)
	at org.apache.lucene.util.TestRuleIgnoreTestSuites$1.evaluate(TestRuleIgnoreTestSuites.java:54)
	at org.junit.rules.RunRules.evaluate(RunRules.java:20)
	at com.carrotsearch.randomizedtesting.rules.StatementAdapter.evaluate(StatementAdapter.java:36)
	at com.carrotsearch.randomizedtesting.ThreadLeakControl$StatementRunner.run(ThreadLeakControl.java:390)
	at com.carrotsearch.randomizedtesting.ThreadLeakControl.lambda$forkTimeoutingTask$0(ThreadLeakControl.java:850)
	at java.lang.Thread.run(Thread.java:748)

org.apache.solr.common.util.ObjectReleaseTracker$ObjectTrackerException: org.apache.solr.common.cloud.SolrZkClient
	at org.apache.solr.common.util.ObjectReleaseTracker.track(ObjectReleaseTracker.java:42)
	at org.apache.solr.common.cloud.SolrZkClient.&lt;init&gt;(SolrZkClient.java:203)
	at org.apache.solr.common.cloud.SolrZkClient.&lt;init&gt;(SolrZkClient.java:129)
	at org.apache.solr.common.cloud.SolrZkClient.&lt;init&gt;(SolrZkClient.java:119)
	at org.apache.solr.common.cloud.SolrZkClient.&lt;init&gt;(SolrZkClient.java:105)
	at org.apache.solr.cloud.ZkTestServer.init(ZkTestServer.java:456)
	at org.apache.solr.cloud.ZkTestServer.run(ZkTestServer.java:614)
	at org.apache.solr.cloud.ZkTestServer.run(ZkTestServer.java:538)
	at org.apache.solr.cloud.MiniSolrCloudCluster.&lt;init&gt;(MiniSolrCloudCluster.java:281)
	at org.apache.solr.cloud.SolrCloudTestCase$Builder.build(SolrCloudTestCase.java:230)
	at org.apache.solr.cloud.SolrCloudTestCase$Builder.configure(SolrCloudTestCase.java:220)
	at org.apache.solr.cloud.RecoveryZkTest.setupCluster(RecoveryZkTest.java:63)
	at sun.reflect.NativeMethodAccessorImpl.invoke0(Native Method)
	at sun.reflect.NativeMethodAccessorImpl.invoke(NativeMethodAccessorImpl.java:62)
	at sun.reflect.DelegatingMethodAccessorImpl.invoke(DelegatingMethodAccessorImpl.java:43)
	at java.lang.reflect.Method.invoke(Method.java:498)
	at com.carrotsearch.randomizedtesting.RandomizedRunner.invoke(RandomizedRunner.java:1758)
	at com.carrotsearch.randomizedtesting.RandomizedRunner$6.evaluate(RandomizedRunner.java:886)
	at com.carrotsearch.randomizedtesting.RandomizedRunner$7.evaluate(RandomizedRunner.java:902)
	at com.carrotsearch.randomizedtesting.rules.StatementAdapter.evaluate(StatementAdapter.java:36)
	at com.carrotsearch.randomizedtesting.rules.SystemPropertiesRestoreRule$1.evaluate(SystemPropertiesRestoreRule.java:80)
	at org.junit.rules.RunRules.evaluate(RunRules.java:20)
	at org.apache.lucene.util.AbstractBeforeAfterRule$1.evaluate(AbstractBeforeAfterRule.java:45)
	at com.carrotsearch.randomizedtesting.rules.StatementAdapter.evaluate(StatementAdapter.java:36)
	at org.apache.lucene.util.TestRuleStoreClassName$1.evaluate(TestRuleStoreClassName.java:41)
	at com.carrotsearch.randomizedtesting.rules.NoShadowingOrOverridesOnMethodsRule$1.evaluate(NoShadowingOrOverridesOnMethodsRule.java:40)
	at com.carrotsearch.randomizedtesting.rules.NoShadowingOrOverridesOnMethodsRule$1.evaluate(NoShadowingOrOverridesOnMethodsRule.java:40)
	at com.carrotsearch.randomizedtesting.rules.StatementAdapter.evaluate(StatementAdapter.java:36)
	at com.carrotsearch.randomizedtesting.rules.StatementAdapter.evaluate(StatementAdapter.java:36)
	at com.carrotsearch.randomizedtesting.rules.StatementAdapter.evaluate(StatementAdapter.java:36)
	at org.apache.lucene.util.TestRuleAssertionsRequired$1.evaluate(TestRuleAssertionsRequired.java:53)
	at org.apache.lucene.util.TestRuleMarkFailure$1.evaluate(TestRuleMarkFailure.java:47)
	at org.apache.lucene.util.TestRuleIgnoreAfterMaxFailures$1.evaluate(TestRuleIgnoreAfterMaxFailures.java:64)
	at org.apache.lucene.util.TestRuleIgnoreTestSuites$1.evaluate(TestRuleIgnoreTestSuites.java:54)
	at org.junit.rules.RunRules.evaluate(RunRules.java:20)
	at com.carrotsearch.randomizedtesting.rules.StatementAdapter.evaluate(StatementAdapter.java:36)
	at com.carrotsearch.randomizedtesting.ThreadLeakControl$StatementRunner.run(ThreadLeakControl.java:390)
	at com.carrotsearch.randomizedtesting.ThreadLeakControl.lambda$forkTimeoutingTask$0(ThreadLeakControl.java:850)
	at java.lang.Thread.run(Thread.java:748)

org.apache.solr.common.util.ObjectReleaseTracker$ObjectTrackerException: org.apache.solr.cloud.ZkController
	at org.apache.solr.common.util.ObjectReleaseTracker.track(ObjectReleaseTracker.java:42)
	at org.apache.solr.cloud.ZkController.&lt;init&gt;(ZkController.java:494)
	at org.apache.solr.core.ZkContainer.initZooKeeper(ZkContainer.java:131)
	at org.apache.solr.core.CoreContainer.load(CoreContainer.java:727)
	at org.apache.solr.servlet.SolrDispatchFilter.createCoreContainer(SolrDispatchFilter.java:298)
	at org.apache.solr.servlet.SolrDispatchFilter.init(SolrDispatchFilter.java:188)
	at org.eclipse.jetty.servlet.FilterHolder.initialize(FilterHolder.java:140)
	at org.eclipse.jetty.servlet.ServletHandler.initializeHolders(ServletHandler.java:799)
	at org.eclipse.jetty.servlet.ServletHandler.setFilters(ServletHandler.java:1529)
	at org.eclipse.jetty.servlet.ServletHandler.addFilterWithMapping(ServletHandler.java:1016)
	at org.eclipse.jetty.servlet.ServletContextHandler.addFilter(ServletContextHandler.java:478)
	at org.apache.solr.client.solrj.embedded.JettySolrRunner$1.lifeCycleStarted(JettySolrRunner.java:384)
	at org.eclipse.jetty.util.component.AbstractLifeCycle.setStarted(AbstractLifeCycle.java:194)
	at org.eclipse.jetty.util.component.AbstractLifeCycle.start(AbstractLifeCycle.java:74)
	at org.apache.solr.client.solrj.embedded.JettySolrRunner.retryOnPortBindFailure(JettySolrRunner.java:568)
	at org.apache.solr.client.solrj.embedded.JettySolrRunner.start(JettySolrRunner.java:506)
	at org.apache.solr.client.solrj.embedded.JettySolrRunner.start(JettySolrRunner.java:474)
	at org.apache.solr.cloud.MiniSolrCloudCluster.startJettySolrRunner(MiniSolrCloudCluster.java:482)
	at org.apache.solr.cloud.MiniSolrCloudCluster.lambda$new$0(MiniSolrCloudCluster.java:303)
	at java.util.concurrent.FutureTask.run(FutureTask.java:266)
	at org.apache.solr.common.util.ExecutorUtil$MDCAwareThreadPoolExecutor.lambda$execute$0(ExecutorUtil.java:218)
	at java.util.concurrent.ThreadPoolExecutor.runWorker(ThreadPoolExecutor.java:1149)
	at java.util.concurrent.ThreadPoolExecutor$Worker.run(ThreadPoolExecutor.java:624)
	at java.lang.Thread.run(Thread.java:748)

org.apache.solr.common.util.ObjectReleaseTracker$ObjectTrackerException: org.apache.http.impl.client.InternalHttpClient
	at org.apache.solr.common.util.ObjectReleaseTracker.track(ObjectReleaseTracker.java:42)
	at org.apache.solr.client.solrj.impl.HttpClientUtil.createClient(HttpClientUtil.java:341)
	at org.apache.solr.update.UpdateShardHandler.&lt;init&gt;(UpdateShardHandler.java:123)
	at org.apache.solr.core.CoreContainer.load(CoreContainer.java:712)
	at org.apache.solr.servlet.SolrDispatchFilter.createCoreContainer(SolrDispatchFilter.java:298)
	at org.apache.solr.servlet.SolrDispatchFilter.init(SolrDispatchFilter.java:188)
	at org.eclipse.jetty.servlet.FilterHolder.initialize(FilterHolder.java:140)
	at org.eclipse.jetty.servlet.ServletHandler.initializeHolders(ServletHandler.java:799)
	at org.eclipse.jetty.servlet.ServletHandler.setFilters(ServletHandler.java:1529)
	at org.eclipse.jetty.servlet.ServletHandler.addFilterWithMapping(ServletHandler.java:1016)
	at org.eclipse.jetty.servlet.ServletContextHandler.addFilter(ServletContextHandler.java:478)
	at org.apache.solr.client.solrj.embedded.JettySolrRunner$1.lifeCycleStarted(JettySolrRunner.java:384)
	at org.eclipse.jetty.util.component.AbstractLifeCycle.setStarted(AbstractLifeCycle.java:194)
	at org.eclipse.jetty.util.component.AbstractLifeCycle.start(AbstractLifeCycle.java:74)
	at org.apache.solr.client.solrj.embedded.JettySolrRunner.retryOnPortBindFailure(JettySolrRunner.java:568)
	at org.apache.solr.client.solrj.embedded.JettySolrRunner.start(JettySolrRunner.java:506)
	at org.apache.solr.client.solrj.embedded.JettySolrRunner.start(JettySolrRunner.java:474)
	at org.apache.solr.cloud.MiniSolrCloudCluster.startJettySolrRunner(MiniSolrCloudCluster.java:482)
	at org.apache.solr.cloud.MiniSolrCloudCluster.lambda$new$0(MiniSolrCloudCluster.java:303)
	at java.util.concurrent.FutureTask.run(FutureTask.java:266)
	at org.apache.solr.common.util.ExecutorUtil$MDCAwareThreadPoolExecutor.lambda$execute$0(ExecutorUtil.java:218)
	at java.util.concurrent.ThreadPoolExecutor.runWorker(ThreadPoolExecutor.java:1149)
	at java.util.concurrent.ThreadPoolExecutor$Worker.run(ThreadPoolExecutor.java:624)
	at java.lang.Thread.run(Thread.java:748)

org.apache.solr.common.util.ObjectReleaseTracker$ObjectTrackerException: org.apache.solr.common.cloud.ZkStateReader
	at org.apache.solr.common.util.ObjectReleaseTracker.track(ObjectReleaseTracker.java:42)
	at org.apache.solr.common.cloud.ZkStateReader.&lt;init&gt;(ZkStateReader.java:351)
	at org.apache.solr.cloud.ZkController.&lt;init&gt;(ZkController.java:482)
	at org.apache.solr.core.ZkContainer.initZooKeeper(ZkContainer.java:131)
	at org.apache.solr.core.CoreContainer.load(CoreContainer.java:727)
	at org.apache.solr.servlet.SolrDispatchFilter.createCoreContainer(SolrDispatchFilter.java:298)
	at org.apache.solr.servlet.SolrDispatchFilter.init(SolrDispatchFilter.java:188)
	at org.eclipse.jetty.servlet.FilterHolder.initialize(FilterHolder.java:140)
	at org.eclipse.jetty.servlet.ServletHandler.initializeHolders(ServletHandler.java:799)
	at org.eclipse.jetty.servlet.ServletHandler.setFilters(ServletHandler.java:1529)
	at org.eclipse.jetty.servlet.ServletHandler.addFilterWithMapping(ServletHandler.java:1016)
	at org.eclipse.jetty.servlet.ServletContextHandler.addFilter(ServletContextHandler.java:478)
	at org.apache.solr.client.solrj.embedded.JettySolrRunner$1.lifeCycleStarted(JettySolrRunner.java:384)
	at org.eclipse.jetty.util.component.AbstractLifeCycle.setStarted(AbstractLifeCycle.java:194)
	at org.eclipse.jetty.util.component.AbstractLifeCycle.start(AbstractLifeCycle.java:74)
	at org.apache.solr.client.solrj.embedded.JettySolrRunner.retryOnPortBindFailure(JettySolrRunner.java:568)
	at org.apache.solr.client.solrj.embedded.JettySolrRunner.start(JettySolrRunner.java:506)
	at org.apache.solr.client.solrj.embedded.JettySolrRunner.start(JettySolrRunner.java:474)
	at org.apache.solr.cloud.MiniSolrCloudCluster.startJettySolrRunner(MiniSolrCloudCluster.java:482)
	at org.apache.solr.cloud.MiniSolrCloudCluster.lambda$new$0(MiniSolrCloudCluster.java:303)
	at java.util.concurrent.FutureTask.run(FutureTask.java:266)
	at org.apache.solr.common.util.ExecutorUtil$MDCAwareThreadPoolExecutor.lambda$execute$0(ExecutorUtil.java:218)
	at java.util.concurrent.ThreadPoolExecutor.runWorker(ThreadPoolExecutor.java:1149)
	at java.util.concurrent.ThreadPoolExecutor$Worker.run(ThreadPoolExecutor.java:624)
	at java.lang.Thread.run(Thread.java:748)

org.apache.solr.common.util.ObjectReleaseTracker$ObjectTrackerException: org.apache.solr.cloud.ZkTestServer$ZKServerMain
	at org.apache.solr.common.util.ObjectReleaseTracker.track(ObjectReleaseTracker.java:42)
	at org.apache.solr.cloud.ZkTestServer$ZKServerMain.runFromConfig(ZkTestServer.java:327)
	at org.apache.solr.cloud.ZkTestServer$2.run(ZkTestServer.java:580)

org.apache.solr.common.util.ObjectReleaseTracker$ObjectTrackerException: org.apache.solr.cloud.ZkController
	at org.apache.solr.common.util.ObjectReleaseTracker.track(ObjectReleaseTracker.java:42)
	at org.apache.solr.cloud.ZkController.&lt;init&gt;(ZkController.java:494)
	at org.apache.solr.core.ZkContainer.initZooKeeper(ZkContainer.java:131)
	at org.apache.solr.core.CoreContainer.load(CoreContainer.java:727)
	at org.apache.solr.servlet.SolrDispatchFilter.createCoreContainer(SolrDispatchFilter.java:298)
	at org.apache.solr.servlet.SolrDispatchFilter.init(SolrDispatchFilter.java:188)
	at org.eclipse.jetty.servlet.FilterHolder.initialize(FilterHolder.java:140)
	at org.eclipse.jetty.servlet.ServletHandler.initializeHolders(ServletHandler.java:799)
	at org.eclipse.jetty.servlet.ServletHandler.setFilters(ServletHandler.java:1529)
	at org.eclipse.jetty.servlet.ServletHandler.addFilterWithMapping(ServletHandler.java:1016)
	at org.eclipse.jetty.servlet.ServletContextHandler.addFilter(ServletContextHandler.java:478)
	at org.apache.solr.client.solrj.embedded.JettySolrRunner$1.lifeCycleStarted(JettySolrRunner.java:384)
	at org.eclipse.jetty.util.component.AbstractLifeCycle.setStarted(AbstractLifeCycle.java:194)
	at org.eclipse.jetty.util.component.AbstractLifeCycle.start(AbstractLifeCycle.java:74)
	at org.apache.solr.client.solrj.embedded.JettySolrRunner.retryOnPortBindFailure(JettySolrRunner.java:568)
	at org.apache.solr.client.solrj.embedded.JettySolrRunner.start(JettySolrRunner.java:506)
	at org.apache.solr.client.solrj.embedded.JettySolrRunner.start(JettySolrRunner.java:474)
	at org.apache.solr.cloud.MiniSolrCloudCluster.startJettySolrRunner(MiniSolrCloudCluster.java:482)
	at org.apache.solr.cloud.MiniSolrCloudCluster.lambda$new$0(MiniSolrCloudCluster.java:303)
	at java.util.concurrent.FutureTask.run(FutureTask.java:266)
	at org.apache.solr.common.util.ExecutorUtil$MDCAwareThreadPoolExecutor.lambda$execute$0(ExecutorUtil.java:218)
	at java.util.concurrent.ThreadPoolExecutor.runWorker(ThreadPoolExecutor.java:1149)
	at java.util.concurrent.ThreadPoolExecutor$Worker.run(ThreadPoolExecutor.java:624)
	at java.lang.Thread.run(Thread.java:748)

org.apache.solr.common.util.ObjectReleaseTracker$ObjectTrackerException: org.apache.http.impl.client.InternalHttpClient
	at org.apache.solr.common.util.ObjectReleaseTracker.track(ObjectReleaseTracker.java:42)
	at org.apache.solr.client.solrj.impl.HttpClientUtil.createClient(HttpClientUtil.java:341)
	at org.apache.solr.update.UpdateShardHandler.&lt;init&gt;(UpdateShardHandler.java:124)
	at org.apache.solr.core.CoreContainer.load(CoreContainer.java:712)
	at org.apache.solr.servlet.SolrDispatchFilter.createCoreContainer(SolrDispatchFilter.java:298)
	at org.apache.solr.servlet.SolrDispatchFilter.init(SolrDispatchFilter.java:188)
	at org.eclipse.jetty.servlet.FilterHolder.initialize(FilterHolder.java:140)
	at org.eclipse.jetty.servlet.ServletHandler.initializeHolders(ServletHandler.java:799)
	at org.eclipse.jetty.servlet.ServletHandler.setFilters(ServletHandler.java:1529)
	at org.eclipse.jetty.servlet.ServletHandler.addFilterWithMapping(ServletHandler.java:1016)
	at org.eclipse.jetty.servlet.ServletContextHandler.addFilter(ServletContextHandler.java:478)
	at org.apache.solr.client.solrj.embedded.JettySolrRunner$1.lifeCycleStarted(JettySolrRunner.java:384)
	at org.eclipse.jetty.util.component.AbstractLifeCycle.setStarted(AbstractLifeCycle.java:194)
	at org.eclipse.jetty.util.component.AbstractLifeCycle.start(AbstractLifeCycle.java:74)
	at org.apache.solr.client.solrj.embedded.JettySolrRunner.retryOnPortBindFailure(JettySolrRunner.java:568)
	at org.apache.solr.client.solrj.embedded.JettySolrRunner.start(JettySolrRunner.java:506)
	at org.apache.solr.client.solrj.embedded.JettySolrRunner.start(JettySolrRunner.java:474)
	at org.apache.solr.cloud.MiniSolrCloudCluster.startJettySolrRunner(MiniSolrCloudCluster.java:482)
	at org.apache.solr.cloud.MiniSolrCloudCluster.lambda$new$0(MiniSolrCloudCluster.java:303)
	at java.util.concurrent.FutureTask.run(FutureTask.java:266)
	at org.apache.solr.common.util.ExecutorUtil$MDCAwareThreadPoolExecutor.lambda$execute$0(ExecutorUtil.java:218)
[...]
        at java.lang.Thread.run(Thread.java:748)
  21) Thread[id=59, name=qtp349287581-59, state=RUNNABLE, group=TGRP-RecoveryZkTest]
        at sun.nio.ch.KQueueArrayWrapper.kevent0(Native Method)
        at sun.nio.ch.KQueueArrayWrapper.poll(KQueueArrayWrapper.java:198)
        at sun.nio.ch.KQueueSelectorImpl.doSelect(KQueueSelectorImpl.java:117)
        at sun.nio.ch.SelectorImpl.lockAndDoSelect(SelectorImpl.java:86)
        at sun.nio.ch.SelectorImpl.select(SelectorImpl.java:97)
        at sun.nio.ch.SelectorImpl.select(SelectorImpl.java:101)
        at org.eclipse.jetty.io.ManagedSelector.nioSelect(ManagedSelector.java:183)
        at org.eclipse.jetty.io.ManagedSelector.select(ManagedSelector.java:190)
        at org.eclipse.jetty.io.ManagedSelector$SelectorProducer.select(ManagedSelector.java:606)
        at org.eclipse.jetty.io.ManagedSelector$SelectorProducer.produce(ManagedSelector.java:543)
        at org.eclipse.jetty.util.thread.strategy.EatWhatYouKill.produceTask(EatWhatYouKill.java:362)
        at org.eclipse.jetty.util.thread.strategy.EatWhatYouKill.doProduce(EatWhatYouKill.java:186)
        at org.eclipse.jetty.util.thread.strategy.EatWhatYouKill.tryProduce(EatWhatYouKill.java:173)
        at org.eclipse.jetty.util.thread.strategy.EatWhatYouKill.produce(EatWhatYouKill.java:137)
        at org.eclipse.jetty.io.ManagedSelector$$Lambda$112/84048353.run(Unknown Source)
        at org.eclipse.jetty.util.thread.QueuedThreadPool.runJob(QueuedThreadPool.java:883)
        at org.eclipse.jetty.util.thread.QueuedThreadPool$Runner.run(QueuedThreadPool.java:1034)
        at java.lang.Thread.run(Thread.java:748)
  22) Thread[id=66, name=qtp349287581-66, state=RUNNABLE, group=TGRP-RecoveryZkTest]
        at sun.nio.ch.KQueueArrayWrapper.kevent0(Native Method)
        at sun.nio.ch.KQueueArrayWrapper.poll(KQueueArrayWrapper.java:198)
        at sun.nio.ch.KQueueSelectorImpl.doSelect(KQueueSelectorImpl.java:117)
        at sun.nio.ch.SelectorImpl.lockAndDoSelect(SelectorImpl.java:86)
        at sun.nio.ch.SelectorImpl.select(SelectorImpl.java:97)
        at sun.nio.ch.SelectorImpl.select(SelectorImpl.java:101)
        at org.eclipse.jetty.io.ManagedSelector.nioSelect(ManagedSelector.java:183)
        at org.eclipse.jetty.io.ManagedSelector.select(ManagedSelector.java:190)
        at org.eclipse.jetty.io.ManagedSelector$SelectorProducer.select(ManagedSelector.java:606)
        at org.eclipse.jetty.io.ManagedSelector$SelectorProducer.produce(ManagedSelector.java:543)
        at org.eclipse.jetty.util.thread.strategy.EatWhatYouKill.produceTask(EatWhatYouKill.java:362)
        at org.eclipse.jetty.util.thread.strategy.EatWhatYouKill.doProduce(EatWhatYouKill.java:186)
        at org.eclipse.jetty.util.thread.strategy.EatWhatYouKill.tryProduce(EatWhatYouKill.java:173)
        at org.eclipse.jetty.util.thread.strategy.EatWhatYouKill.produce(EatWhatYouKill.java:137)
        at org.eclipse.jetty.io.ManagedSelector$$Lambda$112/84048353.run(Unknown Source)
        at org.eclipse.jetty.util.thread.QueuedThreadPool.runJob(QueuedThreadPool.java:883)
        at org.eclipse.jetty.util.thread.QueuedThreadPool$Runner.run(QueuedThreadPool.java:1034)
        at java.lang.Thread.run(Thread.java:748)
  23) Thread[id=56, name=qtp349287581-56, state=RUNNABLE, group=TGRP-RecoveryZkTest]
        at sun.nio.ch.KQueueArrayWrapper.kevent0(Native Method)
        at sun.nio.ch.KQueueArrayWrapper.poll(KQueueArrayWrapper.java:198)
        at sun.nio.ch.KQueueSelectorImpl.doSelect(KQueueSelectorImpl.java:117)
        at sun.nio.ch.SelectorImpl.lockAndDoSelect(SelectorImpl.java:86)
        at sun.nio.ch.SelectorImpl.select(SelectorImpl.java:97)
        at sun.nio.ch.SelectorImpl.select(SelectorImpl.java:101)
        at org.eclipse.jetty.io.ManagedSelector.nioSelect(ManagedSelector.java:183)
        at org.eclipse.jetty.io.ManagedSelector.select(ManagedSelector.java:190)
        at org.eclipse.jetty.io.ManagedSelector$SelectorProducer.select(ManagedSelector.java:606)
        at org.eclipse.jetty.io.ManagedSelector$SelectorProducer.produce(ManagedSelector.java:543)
        at org.eclipse.jetty.util.thread.strategy.EatWhatYouKill.produceTask(EatWhatYouKill.java:362)
        at org.eclipse.jetty.util.thread.strategy.EatWhatYouKill.doProduce(EatWhatYouKill.java:186)
        at org.eclipse.jetty.util.thread.strategy.EatWhatYouKill.tryProduce(EatWhatYouKill.java:173)
        at org.eclipse.jetty.util.thread.strategy.EatWhatYouKill.produce(EatWhatYouKill.java:137)
        at org.eclipse.jetty.io.ManagedSelector$$Lambda$112/84048353.run(Unknown Source)
        at org.eclipse.jetty.util.thread.QueuedThreadPool.runJob(QueuedThreadPool.java:883)
        at org.eclipse.jetty.util.thread.QueuedThreadPool$Runner.run(QueuedThreadPool.java:1034)
        at java.lang.Thread.run(Thread.java:748)
  24) Thread[id=37, name=zkConnectionManagerCallback-5-thread-1, state=WAITING, group=TGRP-RecoveryZkTest]
        at sun.misc.Unsafe.park(Native Method)
        at java.util.concurrent.locks.LockSupport.park(LockSupport.java:175)
        at java.util.concurrent.locks.AbstractQueuedSynchronizer$ConditionObject.await(AbstractQueuedSynchronizer.java:2039)
        at java.util.concurrent.LinkedBlockingQueue.take(LinkedBlockingQueue.java:442)
        at java.util.concurrent.ThreadPoolExecutor.getTask(ThreadPoolExecutor.java:1074)
        at java.util.concurrent.ThreadPoolExecutor.runWorker(ThreadPoolExecutor.java:1134)
        at java.util.concurrent.ThreadPoolExecutor$Worker.run(ThreadPoolExecutor.java:624)
        at java.lang.Thread.run(Thread.java:748)
  25) Thread[id=53, name=qtp1821655052-53, state=RUNNABLE, group=TGRP-RecoveryZkTest]
        at sun.nio.ch.KQueueArrayWrapper.kevent0(Native Method)
        at sun.nio.ch.KQueueArrayWrapper.poll(KQueueArrayWrapper.java:198)
        at sun.nio.ch.KQueueSelectorImpl.doSelect(KQueueSelectorImpl.java:117)
        at sun.nio.ch.SelectorImpl.lockAndDoSelect(SelectorImpl.java:86)
        at sun.nio.ch.SelectorImpl.select(SelectorImpl.java:97)
        at sun.nio.ch.SelectorImpl.select(SelectorImpl.java:101)
        at org.eclipse.jetty.io.ManagedSelector.nioSelect(ManagedSelector.java:183)
        at org.eclipse.jetty.io.ManagedSelector.select(ManagedSelector.java:190)
        at org.eclipse.jetty.io.ManagedSelector$SelectorProducer.select(ManagedSelector.java:606)
        at org.eclipse.jetty.io.ManagedSelector$SelectorProducer.produce(ManagedSelector.java:543)
        at org.eclipse.jetty.util.thread.strategy.EatWhatYouKill.produceTask(EatWhatYouKill.java:362)
        at org.eclipse.jetty.util.thread.strategy.EatWhatYouKill.doProduce(EatWhatYouKill.java:186)
        at org.eclipse.jetty.util.thread.strategy.EatWhatYouKill.tryProduce(EatWhatYouKill.java:173)
        at org.eclipse.jetty.util.thread.strategy.EatWhatYouKill.produce(EatWhatYouKill.java:137)
        at org.eclipse.jetty.io.ManagedSelector$$Lambda$112/84048353.run(Unknown Source)
        at org.eclipse.jetty.util.thread.QueuedThreadPool.runJob(QueuedThreadPool.java:883)
        at org.eclipse.jetty.util.thread.QueuedThreadPool$Runner.run(QueuedThreadPool.java:1034)
        at java.lang.Thread.run(Thread.java:748)
  26) Thread[id=110, name=h2sc-43-thread-1, state=RUNNABLE, group=TGRP-RecoveryZkTest]
        at sun.nio.ch.KQueueArrayWrapper.kevent0(Native Method)
        at sun.nio.ch.KQueueArrayWrapper.poll(KQueueArrayWrapper.java:198)
        at sun.nio.ch.KQueueSelectorImpl.doSelect(KQueueSelectorImpl.java:117)
        at sun.nio.ch.SelectorImpl.lockAndDoSelect(SelectorImpl.java:86)
        at sun.nio.ch.SelectorImpl.select(SelectorImpl.java:97)
        at sun.nio.ch.SelectorImpl.select(SelectorImpl.java:101)
        at org.eclipse.jetty.io.ManagedSelector.nioSelect(ManagedSelector.java:183)
        at org.eclipse.jetty.io.ManagedSelector.select(ManagedSelector.java:190)
        at org.eclipse.jetty.io.ManagedSelector$SelectorProducer.select(ManagedSelector.java:606)
        at org.eclipse.jetty.io.ManagedSelector$SelectorProducer.produce(ManagedSelector.java:543)
        at org.eclipse.jetty.util.thread.strategy.EatWhatYouKill.produceTask(EatWhatYouKill.java:362)
        at org.eclipse.jetty.util.thread.strategy.EatWhatYouKill.doProduce(EatWhatYouKill.java:186)
        at org.eclipse.jetty.util.thread.strategy.EatWhatYouKill.tryProduce(EatWhatYouKill.java:173)
        at org.eclipse.jetty.util.thread.strategy.EatWhatYouKill.produce(EatWhatYouKill.java:137)
        at org.eclipse.jetty.io.ManagedSelector$$Lambda$112/84048353.run(Unknown Source)
        at org.apache.solr.common.util.ExecutorUtil$MDCAwareThreadPoolExecutor.lambda$execute$0(ExecutorUtil.java:218)
        at org.apache.solr.common.util.ExecutorUtil$MDCAwareThreadPoolExecutor$$Lambda$60/1806172130.run(Unknown Source)
        at java.util.concurrent.ThreadPoolExecutor.runWorker(ThreadPoolExecutor.java:1149)
        at java.util.concurrent.ThreadPoolExecutor$Worker.run(ThreadPoolExecutor.java:624)
        at java.lang.Thread.run(Thread.java:748)
  27) Thread[id=69, name=Session-HouseKeeper-2c448111-1, state=TIMED_WAITING, group=TGRP-RecoveryZkTest]
        at sun.misc.Unsafe.park(Native Method)
        at java.util.concurrent.locks.LockSupport.parkNanos(LockSupport.java:215)
        at java.util.concurrent.locks.AbstractQueuedSynchronizer$ConditionObject.awaitNanos(AbstractQueuedSynchronizer.java:2078)
        at java.util.concurrent.ScheduledThreadPoolExecutor$DelayedWorkQueue.take(ScheduledThreadPoolExecutor.java:1093)
        at java.util.concurrent.ScheduledThreadPoolExecutor$DelayedWorkQueue.take(ScheduledThreadPoolExecutor.java:809)
        at java.util.concurrent.ThreadPoolExecutor.getTask(ThreadPoolExecutor.java:1074)
        at java.util.concurrent.ThreadPoolExecutor.runWorker(ThreadPoolExecutor.java:1134)
        at java.util.concurrent.ThreadPoolExecutor$Worker.run(ThreadPoolExecutor.java:624)
        at java.lang.Thread.run(Thread.java:748)
  28) Thread[id=114, name=jetty-launcher-8-thread-2-SendThread(127.0.0.1:62160), state=TIMED_WAITING, group=TGRP-RecoveryZkTest]
        at java.lang.Thread.sleep(Native Method)
        at org.apache.zookeeper.ClientCnxn$SendThread.startConnect(ClientCnxn.java:1132)
        at org.apache.zookeeper.ClientCnxn$SendThread.run(ClientCnxn.java:1195)
  29) Thread[id=57, name=qtp1821655052-57, state=RUNNABLE, group=TGRP-RecoveryZkTest]
        at sun.nio.ch.KQueueArrayWrapper.kevent0(Native Method)
        at sun.nio.ch.KQueueArrayWrapper.poll(KQueueArrayWrapper.java:198)
        at sun.nio.ch.KQueueSelectorImpl.doSelect(KQueueSelectorImpl.java:117)
        at sun.nio.ch.SelectorImpl.lockAndDoSelect(SelectorImpl.java:86)
        at sun.nio.ch.SelectorImpl.select(SelectorImpl.java:97)
        at sun.nio.ch.SelectorImpl.select(SelectorImpl.java:101)
        at org.eclipse.jetty.io.ManagedSelector.nioSelect(ManagedSelector.java:183)
        at org.eclipse.jetty.io.ManagedSelector.select(ManagedSelector.java:190)
        at org.eclipse.jetty.io.ManagedSelector$SelectorProducer.select(ManagedSelector.java:606)
        at org.eclipse.jetty.io.ManagedSelector$SelectorProducer.produce(ManagedSelector.java:543)
        at org.eclipse.jetty.util.thread.strategy.EatWhatYouKill.produceTask(EatWhatYouKill.java:362)
        at org.eclipse.jetty.util.thread.strategy.EatWhatYouKill.doProduce(EatWhatYouKill.java:186)
        at org.eclipse.jetty.util.thread.strategy.EatWhatYouKill.tryProduce(EatWhatYouKill.java:173)
        at org.eclipse.jetty.util.thread.strategy.EatWhatYouKill.produce(EatWhatYouKill.java:137)
        at org.eclipse.jetty.io.ManagedSelector$$Lambda$112/84048353.run(Unknown Source)
        at org.eclipse.jetty.util.thread.QueuedThreadPool.runJob(QueuedThreadPool.java:883)
        at org.eclipse.jetty.util.thread.QueuedThreadPool$Runner.run(QueuedThreadPool.java:1034)
        at java.lang.Thread.run(Thread.java:748)
  30) Thread[id=64, name=qtp349287581-64, state=RUNNABLE, group=TGRP-RecoveryZkTest]
        at sun.nio.ch.KQueueArrayWrapper.kevent0(Native Method)
        at sun.nio.ch.KQueueArrayWrapper.poll(KQueueArrayWrapper.java:198)
        at sun.nio.ch.KQueueSelectorImpl.doSelect(KQueueSelectorImpl.java:117)
        at sun.nio.ch.SelectorImpl.lockAndDoSelect(SelectorImpl.java:86)
        at sun.nio.ch.SelectorImpl.select(SelectorImpl.java:97)
        at sun.nio.ch.SelectorImpl.select(SelectorImpl.java:101)
        at org.eclipse.jetty.io.ManagedSelector.nioSelect(ManagedSelector.java:183)
        at org.eclipse.jetty.io.ManagedSelector.select(ManagedSelector.java:190)
        at org.eclipse.jetty.io.ManagedSelector$SelectorProducer.select(ManagedSelector.java:606)
        at org.eclipse.jetty.io.ManagedSelector$SelectorProducer.produce(ManagedSelector.java:543)
        at org.eclipse.jetty.util.thread.strategy.EatWhatYouKill.produceTask(EatWhatYouKill.java:362)
        at org.eclipse.jetty.util.thread.strategy.EatWhatYouKill.doProduce(EatWhatYouKill.java:186)
        at org.eclipse.jetty.util.thread.strategy.EatWhatYouKill.tryProduce(EatWhatYouKill.java:173)
        at org.eclipse.jetty.util.thread.strategy.EatWhatYouKill.produce(EatWhatYouKill.java:137)
        at org.eclipse.jetty.io.ManagedSelector$$Lambda$112/84048353.run(Unknown Source)
        at org.eclipse.jetty.util.thread.QueuedThreadPool.runJob(QueuedThreadPool.java:883)
        at org.eclipse.jetty.util.thread.QueuedThreadPool$Runner.run(QueuedThreadPool.java:1034)
        at java.lang.Thread.run(Thread.java:748)
  31) Thread[id=68, name=Session-HouseKeeper-3c944c1-1, state=TIMED_WAITING, group=TGRP-RecoveryZkTest]
        at sun.misc.Unsafe.park(Native Method)
        at java.util.concurrent.locks.LockSupport.parkNanos(LockSupport.java:215)
        at java.util.concurrent.locks.AbstractQueuedSynchronizer$ConditionObject.awaitNanos(AbstractQueuedSynchronizer.java:2078)
        at java.util.concurrent.ScheduledThreadPoolExecutor$DelayedWorkQueue.take(ScheduledThreadPoolExecutor.java:1093)
        at java.util.concurrent.ScheduledThreadPoolExecutor$DelayedWorkQueue.take(ScheduledThreadPoolExecutor.java:809)
        at java.util.concurrent.ThreadPoolExecutor.getTask(ThreadPoolExecutor.java:1074)
        at java.util.concurrent.ThreadPoolExecutor.runWorker(ThreadPoolExecutor.java:1134)
        at java.util.concurrent.ThreadPoolExecutor$Worker.run(ThreadPoolExecutor.java:624)
        at java.lang.Thread.run(Thread.java:748)
  32) Thread[id=116, name=zkConnectionManagerCallback-48-thread-1, state=WAITING, group=TGRP-RecoveryZkTest]
        at sun.misc.Unsafe.park(Native Method)
        at java.util.concurrent.locks.LockSupport.park(LockSupport.java:175)
        at java.util.concurrent.locks.AbstractQueuedSynchronizer$ConditionObject.await(AbstractQueuedSynchronizer.java:2039)
        at java.util.concurrent.LinkedBlockingQueue.take(LinkedBlockingQueue.java:442)
        at java.util.concurrent.ThreadPoolExecutor.getTask(ThreadPoolExecutor.java:1074)
        at java.util.concurrent.ThreadPoolExecutor.runWorker(ThreadPoolExecutor.java:1134)
        at java.util.concurrent.ThreadPoolExecutor$Worker.run(ThreadPoolExecutor.java:624)
        at java.lang.Thread.run(Thread.java:748)
  33) Thread[id=102, name=ScheduledTrigger-33-thread-2, state=WAITING, group=TGRP-RecoveryZkTest]
        at sun.misc.Unsafe.park(Native Method)
        at java.util.concurrent.locks.LockSupport.park(LockSupport.java:175)
        at java.util.concurrent.locks.AbstractQueuedSynchronizer$ConditionObject.await(AbstractQueuedSynchronizer.java:2039)
        at java.util.concurrent.ScheduledThreadPoolExecutor$DelayedWorkQueue.take(ScheduledThreadPoolExecutor.java:1088)
        at java.util.concurrent.ScheduledThreadPoolExecutor$DelayedWorkQueue.take(ScheduledThreadPoolExecutor.java:809)
        at java.util.concurrent.ThreadPoolExecutor.getTask(ThreadPoolExecutor.java:1074)
        at java.util.concurrent.ThreadPoolExecutor.runWorker(ThreadPoolExecutor.java:1134)
        at java.util.concurrent.ThreadPoolExecutor$Worker.run(ThreadPoolExecutor.java:624)
        at java.lang.Thread.run(Thread.java:748)
  34) Thread[id=94, name=jetty-launcher-8-thread-1-SendThread(127.0.0.1:62160), state=TIMED_WAITING, group=TGRP-RecoveryZkTest]
        at java.lang.Thread.sleep(Native Method)
        at org.apache.zookeeper.client.StaticHostProvider.next(StaticHostProvider.java:362)
        at org.apache.zookeeper.ClientCnxn$SendThread.run(ClientCnxn.java:1193)
  35) Thread[id=107, name=h2sc-41-thread-1, state=RUNNABLE, group=TGRP-RecoveryZkTest]
        at sun.nio.ch.KQueueArrayWrapper.kevent0(Native Method)
        at sun.nio.ch.KQueueArrayWrapper.poll(KQueueArrayWrapper.java:198)
        at sun.nio.ch.KQueueSelectorImpl.doSelect(KQueueSelectorImpl.java:117)
        at sun.nio.ch.SelectorImpl.lockAndDoSelect(SelectorImpl.java:86)
        at sun.nio.ch.SelectorImpl.select(SelectorImpl.java:97)
        at sun.nio.ch.SelectorImpl.select(SelectorImpl.java:101)
        at org.eclipse.jetty.io.ManagedSelector.nioSelect(ManagedSelector.java:183)
        at org.eclipse.jetty.io.ManagedSelector.select(ManagedSelector.java:190)
        at org.eclipse.jetty.io.ManagedSelector$SelectorProducer.select(ManagedSelector.java:606)
        at org.eclipse.jetty.io.ManagedSelector$SelectorProducer.produce(ManagedSelector.java:543)
        at org.eclipse.jetty.util.thread.strategy.EatWhatYouKill.produceTask(EatWhatYouKill.java:362)
        at org.eclipse.jetty.util.thread.strategy.EatWhatYouKill.doProduce(EatWhatYouKill.java:186)
        at org.eclipse.jetty.util.thread.strategy.EatWhatYouKill.tryProduce(EatWhatYouKill.java:173)
        at org.eclipse.jetty.util.thread.strategy.EatWhatYouKill.produce(EatWhatYouKill.java:137)
        at org.eclipse.jetty.io.ManagedSelector$$Lambda$112/84048353.run(Unknown Source)
        at org.apache.solr.common.util.ExecutorUtil$MDCAwareThreadPoolExecutor.lambda$execute$0(ExecutorUtil.java:218)
        at org.apache.solr.common.util.ExecutorUtil$MDCAwareThreadPoolExecutor$$Lambda$60/1806172130.run(Unknown Source)
        at java.util.concurrent.ThreadPoolExecutor.runWorker(ThreadPoolExecutor.java:1149)
        at java.util.concurrent.ThreadPoolExecutor$Worker.run(ThreadPoolExecutor.java:624)
        at java.lang.Thread.run(Thread.java:748)
  36) Thread[id=33, name=SUITE-RecoveryZkTest-seed#[82AE3A52C3DB868E]-worker-SendThread(127.0.0.1:62160), state=TIMED_WAITING, group=TGRP-RecoveryZkTest]
        at java.lang.Thread.sleep(Native Method)
        at org.apache.zookeeper.client.StaticHostProvider.next(StaticHostProvider.java:362)
        at org.apache.zookeeper.ClientCnxn$SendThread.run(ClientCnxn.java:1193)
  37) Thread[id=104, name=ScheduledTrigger-33-thread-4, state=WAITING, group=TGRP-RecoveryZkTest]
        at sun.misc.Unsafe.park(Native Method)
        at java.util.concurrent.locks.LockSupport.park(LockSupport.java:175)
        at java.util.concurrent.locks.AbstractQueuedSynchronizer$ConditionObject.await(AbstractQueuedSynchronizer.java:2039)
        at java.util.concurrent.ScheduledThreadPoolExecutor$DelayedWorkQueue.take(ScheduledThreadPoolExecutor.java:1088)
        at java.util.concurrent.ScheduledThreadPoolExecutor$DelayedWorkQueue.take(ScheduledThreadPoolExecutor.java:809)
        at java.util.concurrent.ThreadPoolExecutor.getTask(ThreadPoolExecutor.java:1074)
        at java.util.concurrent.ThreadPoolExecutor.runWorker(ThreadPoolExecutor.java:1134)
        at java.util.concurrent.ThreadPoolExecutor$Worker.run(ThreadPoolExecutor.java:624)
        at java.lang.Thread.run(Thread.java:748)
  38) Thread[id=118, name=Thread-18, state=WAITING, group=TGRP-RecoveryZkTest]
        at java.lang.Object.wait(Native Method)
        at java.lang.Object.wait(Object.java:502)
        at org.apache.solr.core.CloserThread.run(CoreContainer.java:2306)
	at __randomizedtesting.SeedInfo.seed([82AE3A52C3DB868E]:0)
</error>
   </testcase>
   <system-out><![CDATA[]]></system-out>
   <system-err><![CDATA[]]></system-err>
</testsuite>